2017-01-22 22:17:16,478 [main] ERROR StackTrace  - Full Stack Trace:
org.mozilla.javascript.JavaScriptException: [object Object] (/D:/ggts-bundle/workspace-ggts-3.6.4.RELEASE/MoneyManager/target/work/resources/uglifyjs/lib/parse-js.js#273)
	at org.mozilla.javascript.gen._D__ggts_bundle_workspace_ggts_3_6_4_RELEASE_MoneyManager_target_work_resources_uglifyjs_lib_parse_js_js_7._c_js_error_13(/D:/ggts-bundle/workspace-ggts-3.6.4.RELEASE/MoneyManager/target/work/resources/uglifyjs/lib/parse-js.js:273)
	at org.mozilla.javascript.gen._D__ggts_bundle_workspace_ggts_3_6_4_RELEASE_MoneyManager_target_work_resources_uglifyjs_lib_parse_js_js_7.call(/D:/ggts-bundle/workspace-ggts-3.6.4.RELEASE/MoneyManager/target/work/resources/uglifyjs/lib/parse-js.js)
	at org.mozilla.javascript.optimizer.OptRuntime.callName(OptRuntime.java:63)
	at org.mozilla.javascript.gen._D__ggts_bundle_workspace_ggts_3_6_4_RELEASE_MoneyManager_target_work_resources_uglifyjs_lib_parse_js_js_7._c_croak_55(/D:/ggts-bundle/workspace-ggts-3.6.4.RELEASE/MoneyManager/target/work/resources/uglifyjs/lib/parse-js.js:735)
	at org.mozilla.javascript.gen._D__ggts_bundle_workspace_ggts_3_6_4_RELEASE_MoneyManager_target_work_resources_uglifyjs_lib_parse_js_js_7.call(/D:/ggts-bundle/workspace-ggts-3.6.4.RELEASE/MoneyManager/target/work/resources/uglifyjs/lib/parse-js.js)
	at org.mozilla.javascript.optimizer.OptRuntime.callName(OptRuntime.java:63)
	at org.mozilla.javascript.gen._D__ggts_bundle_workspace_ggts_3_6_4_RELEASE_MoneyManager_target_work_resources_uglifyjs_lib_parse_js_js_7._c_token_error_56(/D:/ggts-bundle/workspace-ggts-3.6.4.RELEASE/MoneyManager/target/work/resources/uglifyjs/lib/parse-js.js:742)
	at org.mozilla.javascript.gen._D__ggts_bundle_workspace_ggts_3_6_4_RELEASE_MoneyManager_target_work_resources_uglifyjs_lib_parse_js_js_7.call(/D:/ggts-bundle/workspace-ggts-3.6.4.RELEASE/MoneyManager/target/work/resources/uglifyjs/lib/parse-js.js)
	at org.mozilla.javascript.optimizer.OptRuntime.callName(OptRuntime.java:63)
	at org.mozilla.javascript.gen._D__ggts_bundle_workspace_ggts_3_6_4_RELEASE_MoneyManager_target_work_resources_uglifyjs_lib_parse_js_js_7._c_expect_token_58(/D:/ggts-bundle/workspace-ggts-3.6.4.RELEASE/MoneyManager/target/work/resources/uglifyjs/lib/parse-js.js:755)
	at org.mozilla.javascript.gen._D__ggts_bundle_workspace_ggts_3_6_4_RELEASE_MoneyManager_target_work_resources_uglifyjs_lib_parse_js_js_7.call(/D:/ggts-bundle/workspace-ggts-3.6.4.RELEASE/MoneyManager/target/work/resources/uglifyjs/lib/parse-js.js)
	at org.mozilla.javascript.optimizer.OptRuntime.callName(OptRuntime.java:63)
	at org.mozilla.javascript.gen._D__ggts_bundle_workspace_ggts_3_6_4_RELEASE_MoneyManager_target_work_resources_uglifyjs_lib_parse_js_js_7._c_expect_59(/D:/ggts-bundle/workspace-ggts-3.6.4.RELEASE/MoneyManager/target/work/resources/uglifyjs/lib/parse-js.js:758)
	at org.mozilla.javascript.gen._D__ggts_bundle_workspace_ggts_3_6_4_RELEASE_MoneyManager_target_work_resources_uglifyjs_lib_parse_js_js_7.call(/D:/ggts-bundle/workspace-ggts-3.6.4.RELEASE/MoneyManager/target/work/resources/uglifyjs/lib/parse-js.js)
	at org.mozilla.javascript.optimizer.OptRuntime.callName(OptRuntime.java:63)
	at org.mozilla.javascript.gen._D__ggts_bundle_workspace_ggts_3_6_4_RELEASE_MoneyManager_target_work_resources_uglifyjs_lib_parse_js_js_7._c_regular_for_73(/D:/ggts-bundle/workspace-ggts-3.6.4.RELEASE/MoneyManager/target/work/resources/uglifyjs/lib/parse-js.js:946)
	at org.mozilla.javascript.gen._D__ggts_bundle_workspace_ggts_3_6_4_RELEASE_MoneyManager_target_work_resources_uglifyjs_lib_parse_js_js_7.call(/D:/ggts-bundle/workspace-ggts-3.6.4.RELEASE/MoneyManager/target/work/resources/uglifyjs/lib/parse-js.js)
	at org.mozilla.javascript.optimizer.OptRuntime.callName(OptRuntime.java:63)
	at org.mozilla.javascript.gen._D__ggts_bundle_workspace_ggts_3_6_4_RELEASE_MoneyManager_target_work_resources_uglifyjs_lib_parse_js_js_7._c_for__72(/D:/ggts-bundle/workspace-ggts-3.6.4.RELEASE/MoneyManager/target/work/resources/uglifyjs/lib/parse-js.js:940)
	at org.mozilla.javascript.gen._D__ggts_bundle_workspace_ggts_3_6_4_RELEASE_MoneyManager_target_work_resources_uglifyjs_lib_parse_js_js_7.call(/D:/ggts-bundle/workspace-ggts-3.6.4.RELEASE/MoneyManager/target/work/resources/uglifyjs/lib/parse-js.js)
	at org.mozilla.javascript.optimizer.OptRuntime.callName0(OptRuntime.java:74)
	at org.mozilla.javascript.gen._D__ggts_bundle_workspace_ggts_3_6_4_RELEASE_MoneyManager_target_work_resources_uglifyjs_lib_parse_js_js_7._c_anonymous_67(/D:/ggts-bundle/workspace-ggts-3.6.4.RELEASE/MoneyManager/target/work/resources/uglifyjs/lib/parse-js.js:851)
	at org.mozilla.javascript.gen._D__ggts_bundle_workspace_ggts_3_6_4_RELEASE_MoneyManager_target_work_resources_uglifyjs_lib_parse_js_js_7.call(/D:/ggts-bundle/workspace-ggts-3.6.4.RELEASE/MoneyManager/target/work/resources/uglifyjs/lib/parse-js.js)
	at org.mozilla.javascript.optimizer.OptRuntime.callName0(OptRuntime.java:74)
	at org.mozilla.javascript.gen._D__ggts_bundle_workspace_ggts_3_6_4_RELEASE_MoneyManager_target_work_resources_uglifyjs_lib_parse_js_js_7._c_block__79(/D:/ggts-bundle/workspace-ggts-3.6.4.RELEASE/MoneyManager/target/work/resources/uglifyjs/lib/parse-js.js:1005)
	at org.mozilla.javascript.gen._D__ggts_bundle_workspace_ggts_3_6_4_RELEASE_MoneyManager_target_work_resources_uglifyjs_lib_parse_js_js_7.call(/D:/ggts-bundle/workspace-ggts-3.6.4.RELEASE/MoneyManager/target/work/resources/uglifyjs/lib/parse-js.js)
	at org.mozilla.javascript.optimizer.OptRuntime.callName0(OptRuntime.java:74)
	at org.mozilla.javascript.gen._D__ggts_bundle_workspace_ggts_3_6_4_RELEASE_MoneyManager_target_work_resources_uglifyjs_lib_parse_js_js_7._c_anonymous_77(/D:/ggts-bundle/workspace-ggts-3.6.4.RELEASE/MoneyManager/target/work/resources/uglifyjs/lib/parse-js.js:984)
	at org.mozilla.javascript.gen._D__ggts_bundle_workspace_ggts_3_6_4_RELEASE_MoneyManager_target_work_resources_uglifyjs_lib_parse_js_js_7.call(/D:/ggts-bundle/workspace-ggts-3.6.4.RELEASE/MoneyManager/target/work/resources/uglifyjs/lib/parse-js.js)
	at org.mozilla.javascript.optimizer.OptRuntime.call0(OptRuntime.java:23)
	at org.mozilla.javascript.gen._D__ggts_bundle_workspace_ggts_3_6_4_RELEASE_MoneyManager_target_work_resources_uglifyjs_lib_parse_js_js_7._c_anonymous_75(/D:/ggts-bundle/workspace-ggts-3.6.4.RELEASE/MoneyManager/target/work/resources/uglifyjs/lib/parse-js.js:965)
	at org.mozilla.javascript.gen._D__ggts_bundle_workspace_ggts_3_6_4_RELEASE_MoneyManager_target_work_resources_uglifyjs_lib_parse_js_js_7.call(/D:/ggts-bundle/workspace-ggts-3.6.4.RELEASE/MoneyManager/target/work/resources/uglifyjs/lib/parse-js.js)
	at org.mozilla.javascript.optimizer.OptRuntime.callName(OptRuntime.java:63)
	at org.mozilla.javascript.gen._D__ggts_bundle_workspace_ggts_3_6_4_RELEASE_MoneyManager_target_work_resources_uglifyjs_lib_parse_js_js_7._c_anonymous_67(/D:/ggts-bundle/workspace-ggts-3.6.4.RELEASE/MoneyManager/target/work/resources/uglifyjs/lib/parse-js.js:854)
	at org.mozilla.javascript.gen._D__ggts_bundle_workspace_ggts_3_6_4_RELEASE_MoneyManager_target_work_resources_uglifyjs_lib_parse_js_js_7.call(/D:/ggts-bundle/workspace-ggts-3.6.4.RELEASE/MoneyManager/target/work/resources/uglifyjs/lib/parse-js.js)
	at org.mozilla.javascript.optimizer.OptRuntime.callName0(OptRuntime.java:74)
	at org.mozilla.javascript.gen._D__ggts_bundle_workspace_ggts_3_6_4_RELEASE_MoneyManager_target_work_resources_uglifyjs_lib_parse_js_js_7._c_anonymous_102(/D:/ggts-bundle/workspace-ggts-3.6.4.RELEASE/MoneyManager/target/work/resources/uglifyjs/lib/parse-js.js:1299)
	at org.mozilla.javascript.gen._D__ggts_bundle_workspace_ggts_3_6_4_RELEASE_MoneyManager_target_work_resources_uglifyjs_lib_parse_js_js_7.call(/D:/ggts-bundle/workspace-ggts-3.6.4.RELEASE/MoneyManager/target/work/resources/uglifyjs/lib/parse-js.js)
	at org.mozilla.javascript.optimizer.OptRuntime.call1(OptRuntime.java:32)
	at org.mozilla.javascript.gen._D__ggts_bundle_workspace_ggts_3_6_4_RELEASE_MoneyManager_target_work_resources_uglifyjs_lib_parse_js_js_7._c_parse_50(/D:/ggts-bundle/workspace-ggts-3.6.4.RELEASE/MoneyManager/target/work/resources/uglifyjs/lib/parse-js.js:1297)
	at org.mozilla.javascript.gen._D__ggts_bundle_workspace_ggts_3_6_4_RELEASE_MoneyManager_target_work_resources_uglifyjs_lib_parse_js_js_7.call(/D:/ggts-bundle/workspace-ggts-3.6.4.RELEASE/MoneyManager/target/work/resources/uglifyjs/lib/parse-js.js)
	at org.mozilla.javascript.optimizer.OptRuntime.call2(OptRuntime.java:42)
	at org.mozilla.javascript.gen._D__ggts_bundle_workspace_ggts_3_6_4_RELEASE_MoneyManager_target_work_resources_uglifyjs_uglify_js_js_6._c_uglify_1(/D:/ggts-bundle/workspace-ggts-3.6.4.RELEASE/MoneyManager/target/work/resources/uglifyjs/uglify-js.js:7)
	at org.mozilla.javascript.gen._D__ggts_bundle_workspace_ggts_3_6_4_RELEASE_MoneyManager_target_work_resources_uglifyjs_uglify_js_js_6.call(/D:/ggts-bundle/workspace-ggts-3.6.4.RELEASE/MoneyManager/target/work/resources/uglifyjs/uglify-js.js)
	at org.mozilla.javascript.ContextFactory.doTopCall(ContextFactory.java:394)
	at org.mozilla.javascript.ScriptRuntime.doTopCall(ScriptRuntime.java:3091)
	at org.mozilla.javascript.gen._D__ggts_bundle_workspace_ggts_3_6_4_RELEASE_MoneyManager_target_work_resources_uglifyjs_uglify_js_js_6.call(/D:/ggts-bundle/workspace-ggts-3.6.4.RELEASE/MoneyManager/target/work/resources/uglifyjs/uglify-js.js)
	at org.mozilla.javascript.Context$1.run(Context.java:478)
	at org.mozilla.javascript.Context.call(Context.java:489)
	at org.mozilla.javascript.Context.call(Context.java:476)
	at org.mozilla.javascript.Context$call$3.call(Unknown Source)
	at org.codehaus.groovy.runtime.callsite.CallSiteArray.defaultCall(CallSiteArray.java:45)
	at org.codehaus.groovy.runtime.callsite.AbstractCallSite.call(AbstractCallSite.java:108)
	at asset.pipeline.processors.UglifyJsProcessor.call(UglifyJsProcessor.groovy:79)
	at asset.pipeline.processors.UglifyJsProcessor.this$2$call(UglifyJsProcessor.groovy)
	at sun.reflect.NativeMethodAccessorImpl.invoke0(Native Method)
	at sun.reflect.NativeMethodAccessorImpl.invoke(NativeMethodAccessorImpl.java:57)
	at sun.reflect.DelegatingMethodAccessorImpl.invoke(DelegatingMethodAccessorImpl.java:43)
	at java.lang.reflect.Method.invoke(Method.java:606)
	at org.codehaus.groovy.runtime.callsite.PogoMetaMethodSite$PogoCachedMethodSite.invoke(PogoMetaMethodSite.java:166)
	at org.codehaus.groovy.runtime.callsite.PogoMetaMethodSite.callCurrent(PogoMetaMethodSite.java:56)
	at org.codehaus.groovy.runtime.callsite.CallSiteArray.defaultCallCurrent(CallSiteArray.java:49)
	at org.codehaus.groovy.runtime.callsite.AbstractCallSite.callCurrent(AbstractCallSite.java:133)
	at org.codehaus.groovy.runtime.callsite.AbstractCallSite.callCurrent(AbstractCallSite.java:149)
	at asset.pipeline.processors.UglifyJsProcessor.process(UglifyJsProcessor.groovy:54)
	at asset.pipeline.processors.UglifyJsProcessor$process.call(Unknown Source)
	at org.codehaus.groovy.runtime.callsite.CallSiteArray.defaultCall(CallSiteArray.java:45)
	at org.codehaus.groovy.runtime.callsite.AbstractCallSite.call(AbstractCallSite.java:108)
	at org.codehaus.groovy.runtime.callsite.AbstractCallSite.call(AbstractCallSite.java:120)
	at asset.pipeline.AssetCompiler.compile(AssetCompiler.groovy:77)
	at asset.pipeline.AssetCompiler$compile.call(Unknown Source)
	at _AssetCompile_groovy$_run_closure2.doCall(_AssetCompile_groovy:49)
	at sun.reflect.NativeMethodAccessorImpl.invoke0(Native Method)
	at sun.reflect.NativeMethodAccessorImpl.invoke(NativeMethodAccessorImpl.java:57)
	at sun.reflect.DelegatingMethodAccessorImpl.invoke(DelegatingMethodAccessorImpl.java:43)
	at java.lang.reflect.Method.invoke(Method.java:606)
	at org.codehaus.groovy.reflection.CachedMethod.invoke(CachedMethod.java:90)
	at groovy.lang.MetaMethod.doMethodInvoke(MetaMethod.java:324)
	at groovy.lang.MetaClassImpl.invokeMethod(MetaClassImpl.java:1207)
	at groovy.lang.ExpandoMetaClass.invokeMethod(ExpandoMetaClass.java:1110)
	at groovy.lang.MetaClassImpl.invokeMethod(MetaClassImpl.java:1016)
	at groovy.lang.DelegatingMetaClass.invokeMethod(DelegatingMetaClass.java:149)
	at org.codehaus.gant.GantMetaClass.invokeMethod(GantMetaClass.java:133)
	at org.codehaus.groovy.runtime.callsite.PogoMetaClassSite.call(PogoMetaClassSite.java:39)
	at org.codehaus.groovy.runtime.callsite.CallSiteArray.defaultCall(CallSiteArray.java:45)
	at org.codehaus.groovy.runtime.callsite.PogoMetaClassSite.call(PogoMetaClassSite.java:54)
	at org.codehaus.groovy.runtime.callsite.AbstractCallSite.call(AbstractCallSite.java:116)
	at org.codehaus.gant.GantBinding$_initializeGantBinding_closure5_closure16_closure18.doCall(GantBinding.groovy:185)
	at sun.reflect.GeneratedMethodAccessor109.invoke(Unknown Source)
	at sun.reflect.DelegatingMethodAccessorImpl.invoke(DelegatingMethodAccessorImpl.java:43)
	at java.lang.reflect.Method.invoke(Method.java:606)
	at org.codehaus.groovy.runtime.callsite.PogoMetaMethodSite$PogoCachedMethodSite.invoke(PogoMetaMethodSite.java:166)
	at org.codehaus.groovy.runtime.callsite.PogoMetaMethodSite.callCurrent(PogoMetaMethodSite.java:56)
	at org.codehaus.groovy.runtime.callsite.AbstractCallSite.callCurrent(AbstractCallSite.java:141)
	at org.codehaus.gant.GantBinding$_initializeGantBinding_closure5_closure16_closure18.doCall(GantBinding.groovy)
	at sun.reflect.GeneratedMethodAccessor108.invoke(Unknown Source)
	at sun.reflect.DelegatingMethodAccessorImpl.invoke(DelegatingMethodAccessorImpl.java:43)
	at java.lang.reflect.Method.invoke(Method.java:606)
	at org.codehaus.groovy.runtime.callsite.PogoMetaMethodSite$PogoCachedMethodSiteNoUnwrapNoCoerce.invoke(PogoMetaMethodSite.java:207)
	at org.codehaus.groovy.runtime.callsite.PogoMetaMethodSite.call(PogoMetaMethodSite.java:68)
	at org.codehaus.groovy.runtime.callsite.AbstractCallSite.call(AbstractCallSite.java:112)
	at org.codehaus.gant.GantBinding.withTargetEvent(GantBinding.groovy:90)
	at org.codehaus.gant.GantBinding.this$4$withTargetEvent(GantBinding.groovy)
	at sun.reflect.GeneratedMethodAccessor103.invoke(Unknown Source)
	at sun.reflect.DelegatingMethodAccessorImpl.invoke(DelegatingMethodAccessorImpl.java:43)
	at java.lang.reflect.Method.invoke(Method.java:606)
	at org.codehaus.groovy.reflection.CachedMethod.invoke(CachedMethod.java:90)
	at groovy.lang.MetaMethod.doMethodInvoke(MetaMethod.java:324)
	at groovy.lang.MetaClassImpl.invokeMethod(MetaClassImpl.java:1207)
	at groovy.lang.ExpandoMetaClass.invokeMethod(ExpandoMetaClass.java:1110)
	at groovy.lang.MetaClassImpl.invokeMethod(MetaClassImpl.java:1016)
	at groovy.lang.MetaClassImpl.invokeMethod(MetaClassImpl.java:1152)
	at groovy.lang.ExpandoMetaClass.invokeMethod(ExpandoMetaClass.java:1110)
	at groovy.lang.MetaClassImpl.invokeMethod(MetaClassImpl.java:1016)
	at groovy.lang.MetaClassImpl.invokeMethod(MetaClassImpl.java:807)
	at groovy.lang.GroovyObjectSupport.invokeMethod(GroovyObjectSupport.java:44)
	at groovy.lang.MetaClassImpl.invokeMethodOnGroovyObject(MetaClassImpl.java:1272)
	at groovy.lang.MetaClassImpl.invokeMethod(MetaClassImpl.java:1166)
	at groovy.lang.ExpandoMetaClass.invokeMethod(ExpandoMetaClass.java:1110)
	at groovy.lang.MetaClassImpl.invokeMethod(MetaClassImpl.java:1016)
	at org.codehaus.groovy.runtime.callsite.PogoMetaClassSite.callCurrent(PogoMetaClassSite.java:66)
	at org.codehaus.groovy.runtime.callsite.AbstractCallSite.callCurrent(AbstractCallSite.java:149)
	at org.codehaus.gant.GantBinding$_initializeGantBinding_closure5_closure16.doCall(GantBinding.groovy:185)
	at sun.reflect.GeneratedMethodAccessor102.invoke(Unknown Source)
	at sun.reflect.DelegatingMethodAccessorImpl.invoke(DelegatingMethodAccessorImpl.java:43)
	at java.lang.reflect.Method.invoke(Method.java:606)
	at org.codehaus.groovy.runtime.callsite.PogoMetaMethodSite$PogoCachedMethodSite.invoke(PogoMetaMethodSite.java:166)
	at org.codehaus.groovy.runtime.callsite.PogoMetaMethodSite.callCurrent(PogoMetaMethodSite.java:56)
	at org.codehaus.groovy.runtime.callsite.AbstractCallSite.callCurrent(AbstractCallSite.java:141)
	at org.codehaus.gant.GantBinding$_initializeGantBinding_closure5_closure16.doCall(GantBinding.groovy)
	at sun.reflect.GeneratedMethodAccessor101.invoke(Unknown Source)
	at sun.reflect.DelegatingMethodAccessorImpl.invoke(DelegatingMethodAccessorImpl.java:43)
	at java.lang.reflect.Method.invoke(Method.java:606)
	at org.codehaus.groovy.reflection.CachedMethod.invoke(CachedMethod.java:90)
	at groovy.lang.MetaMethod.doMethodInvoke(MetaMethod.java:324)
	at groovy.lang.MetaClassImpl.invokeMethod(MetaClassImpl.java:1207)
	at groovy.lang.ExpandoMetaClass.invokeMethod(ExpandoMetaClass.java:1110)
	at groovy.lang.MetaClassImpl.invokeMethod(MetaClassImpl.java:1016)
	at groovy.lang.MetaClassImpl.invokePropertyOrMissing(MetaClassImpl.java:1253)
	at groovy.lang.MetaClassImpl.invokeMethod(MetaClassImpl.java:1209)
	at groovy.lang.ExpandoMetaClass.invokeMethod(ExpandoMetaClass.java:1110)
	at groovy.lang.MetaClassImpl.invokeMethod(MetaClassImpl.java:1016)
	at groovy.lang.MetaClassImpl.invokeMethod(MetaClassImpl.java:807)
	at groovy.lang.GroovyObjectSupport.invokeMethod(GroovyObjectSupport.java:44)
	at groovy.lang.Script.invokeMethod(Script.java:78)
	at groovy.lang.MetaClassImpl.invokeMethodOnGroovyObject(MetaClassImpl.java:1272)
	at groovy.lang.MetaClassImpl.invokeMethod(MetaClassImpl.java:1166)
	at groovy.lang.ExpandoMetaClass.invokeMethod(ExpandoMetaClass.java:1110)
	at groovy.lang.MetaClassImpl.invokeMethod(MetaClassImpl.java:1016)
	at org.codehaus.groovy.runtime.callsite.PogoMetaClassSite.callCurrent(PogoMetaClassSite.java:66)
	at org.codehaus.groovy.runtime.callsite.CallSiteArray.defaultCallCurrent(CallSiteArray.java:49)
	at org.codehaus.groovy.runtime.callsite.AbstractCallSite.callCurrent(AbstractCallSite.java:133)
	at org.codehaus.groovy.runtime.callsite.AbstractCallSite.callCurrent(AbstractCallSite.java:137)
	at _Events$_run_closure1.doCall(_Events.groovy:5)
	at sun.reflect.NativeMethodAccessorImpl.invoke0(Native Method)
	at sun.reflect.NativeMethodAccessorImpl.invoke(NativeMethodAccessorImpl.java:57)
	at sun.reflect.DelegatingMethodAccessorImpl.invoke(DelegatingMethodAccessorImpl.java:43)
	at java.lang.reflect.Method.invoke(Method.java:606)
	at org.codehaus.groovy.reflection.CachedMethod.invoke(CachedMethod.java:90)
	at groovy.lang.MetaMethod.doMethodInvoke(MetaMethod.java:324)
	at groovy.lang.MetaClassImpl.invokeMethod(MetaClassImpl.java:1207)
	at groovy.lang.ExpandoMetaClass.invokeMethod(ExpandoMetaClass.java:1110)
	at groovy.lang.MetaClassImpl.invokeMethod(MetaClassImpl.java:1016)
	at groovy.lang.Closure.call(Closure.java:423)
	at org.codehaus.groovy.grails.cli.support.GrailsBuildEventListener.triggerEvent(GrailsBuildEventListener.java:225)
	at sun.reflect.GeneratedMethodAccessor154.invoke(Unknown Source)
	at sun.reflect.DelegatingMethodAccessorImpl.invoke(DelegatingMethodAccessorImpl.java:43)
	at java.lang.reflect.Method.invoke(Method.java:606)
	at org.codehaus.groovy.runtime.callsite.PojoMetaMethodSite$PojoCachedMethodSite.invoke(PojoMetaMethodSite.java:189)
	at org.codehaus.groovy.runtime.callsite.PojoMetaMethodSite.call(PojoMetaMethodSite.java:53)
	at org.codehaus.groovy.runtime.callsite.AbstractCallSite.call(AbstractCallSite.java:124)
	at org.codehaus.groovy.grails.project.packaging.GrailsProjectWarCreator.packageWarOnly(GrailsProjectWarCreator.groovy:338)
	at org.codehaus.groovy.grails.project.packaging.GrailsProjectWarCreator$packageWarOnly$1.callCurrent(Unknown Source)
	at org.codehaus.groovy.grails.project.packaging.GrailsProjectWarCreator.packageWar(GrailsProjectWarCreator.groovy:117)
	at org.codehaus.groovy.grails.project.packaging.GrailsProjectWarCreator$packageWar$0.call(Unknown Source)
	at _GrailsWar$_run_closure2.doCall(_GrailsWar.groovy:43)
	at sun.reflect.NativeMethodAccessorImpl.invoke0(Native Method)
	at sun.reflect.NativeMethodAccessorImpl.invoke(NativeMethodAccessorImpl.java:57)
	at sun.reflect.DelegatingMethodAccessorImpl.invoke(DelegatingMethodAccessorImpl.java:43)
	at java.lang.reflect.Method.invoke(Method.java:606)
	at org.codehaus.groovy.reflection.CachedMethod.invoke(CachedMethod.java:90)
	at groovy.lang.MetaMethod.doMethodInvoke(MetaMethod.java:324)
	at groovy.lang.MetaClassImpl.invokeMethod(MetaClassImpl.java:1207)
	at groovy.lang.ExpandoMetaClass.invokeMethod(ExpandoMetaClass.java:1110)
	at groovy.lang.MetaClassImpl.invokeMethod(MetaClassImpl.java:1016)
	at groovy.lang.DelegatingMetaClass.invokeMethod(DelegatingMetaClass.java:149)
	at org.codehaus.gant.GantMetaClass.invokeMethod(GantMetaClass.java:133)
	at org.codehaus.groovy.runtime.callsite.PogoMetaClassSite.call(PogoMetaClassSite.java:39)
	at org.codehaus.groovy.runtime.callsite.CallSiteArray.defaultCall(CallSiteArray.java:45)
	at org.codehaus.groovy.runtime.callsite.PogoMetaClassSite.call(PogoMetaClassSite.java:54)
	at org.codehaus.groovy.runtime.callsite.AbstractCallSite.call(AbstractCallSite.java:116)
	at org.codehaus.gant.GantBinding$_initializeGantBinding_closure5_closure16_closure18.doCall(GantBinding.groovy:185)
	at sun.reflect.GeneratedMethodAccessor109.invoke(Unknown Source)
	at sun.reflect.DelegatingMethodAccessorImpl.invoke(DelegatingMethodAccessorImpl.java:43)
	at java.lang.reflect.Method.invoke(Method.java:606)
	at org.codehaus.groovy.runtime.callsite.PogoMetaMethodSite$PogoCachedMethodSite.invoke(PogoMetaMethodSite.java:166)
	at org.codehaus.groovy.runtime.callsite.PogoMetaMethodSite.callCurrent(PogoMetaMethodSite.java:56)
	at org.codehaus.groovy.runtime.callsite.AbstractCallSite.callCurrent(AbstractCallSite.java:141)
	at org.codehaus.gant.GantBinding$_initializeGantBinding_closure5_closure16_closure18.doCall(GantBinding.groovy)
	at sun.reflect.GeneratedMethodAccessor108.invoke(Unknown Source)
	at sun.reflect.DelegatingMethodAccessorImpl.invoke(DelegatingMethodAccessorImpl.java:43)
	at java.lang.reflect.Method.invoke(Method.java:606)
	at org.codehaus.groovy.runtime.callsite.PogoMetaMethodSite$PogoCachedMethodSiteNoUnwrapNoCoerce.invoke(PogoMetaMethodSite.java:207)
	at org.codehaus.groovy.runtime.callsite.PogoMetaMethodSite.call(PogoMetaMethodSite.java:68)
	at org.codehaus.groovy.runtime.callsite.AbstractCallSite.call(AbstractCallSite.java:112)
	at org.codehaus.gant.GantBinding.withTargetEvent(GantBinding.groovy:90)
	at org.codehaus.gant.GantBinding.this$4$withTargetEvent(GantBinding.groovy)
	at sun.reflect.GeneratedMethodAccessor103.invoke(Unknown Source)
	at sun.reflect.DelegatingMethodAccessorImpl.invoke(DelegatingMethodAccessorImpl.java:43)
	at java.lang.reflect.Method.invoke(Method.java:606)
	at org.codehaus.groovy.reflection.CachedMethod.invoke(CachedMethod.java:90)
	at groovy.lang.MetaMethod.doMethodInvoke(MetaMethod.java:324)
	at groovy.lang.MetaClassImpl.invokeMethod(MetaClassImpl.java:1207)
	at groovy.lang.ExpandoMetaClass.invokeMethod(ExpandoMetaClass.java:1110)
	at groovy.lang.MetaClassImpl.invokeMethod(MetaClassImpl.java:1016)
	at groovy.lang.MetaClassImpl.invokeMethod(MetaClassImpl.java:1152)
	at groovy.lang.ExpandoMetaClass.invokeMethod(ExpandoMetaClass.java:1110)
	at groovy.lang.MetaClassImpl.invokeMethod(MetaClassImpl.java:1016)
	at groovy.lang.MetaClassImpl.invokeMethod(MetaClassImpl.java:807)
	at groovy.lang.GroovyObjectSupport.invokeMethod(GroovyObjectSupport.java:44)
	at groovy.lang.MetaClassImpl.invokeMethodOnGroovyObject(MetaClassImpl.java:1272)
	at groovy.lang.MetaClassImpl.invokeMethod(MetaClassImpl.java:1166)
	at groovy.lang.ExpandoMetaClass.invokeMethod(ExpandoMetaClass.java:1110)
	at groovy.lang.MetaClassImpl.invokeMethod(MetaClassImpl.java:1016)
	at org.codehaus.groovy.runtime.callsite.PogoMetaClassSite.callCurrent(PogoMetaClassSite.java:66)
	at org.codehaus.groovy.runtime.callsite.AbstractCallSite.callCurrent(AbstractCallSite.java:149)
	at org.codehaus.gant.GantBinding$_initializeGantBinding_closure5_closure16.doCall(GantBinding.groovy:185)
	at sun.reflect.GeneratedMethodAccessor102.invoke(Unknown Source)
	at sun.reflect.DelegatingMethodAccessorImpl.invoke(DelegatingMethodAccessorImpl.java:43)
	at java.lang.reflect.Method.invoke(Method.java:606)
	at org.codehaus.groovy.runtime.callsite.PogoMetaMethodSite$PogoCachedMethodSite.invoke(PogoMetaMethodSite.java:166)
	at org.codehaus.groovy.runtime.callsite.PogoMetaMethodSite.callCurrent(PogoMetaMethodSite.java:56)
	at org.codehaus.groovy.runtime.callsite.AbstractCallSite.callCurrent(AbstractCallSite.java:141)
	at org.codehaus.gant.GantBinding$_initializeGantBinding_closure5_closure16.doCall(GantBinding.groovy)
	at sun.reflect.GeneratedMethodAccessor101.invoke(Unknown Source)
	at sun.reflect.DelegatingMethodAccessorImpl.invoke(DelegatingMethodAccessorImpl.java:43)
	at java.lang.reflect.Method.invoke(Method.java:606)
	at org.codehaus.groovy.reflection.CachedMethod.invoke(CachedMethod.java:90)
	at groovy.lang.MetaMethod.doMethodInvoke(MetaMethod.java:324)
	at groovy.lang.MetaClassImpl.invokeMethod(MetaClassImpl.java:1207)
	at groovy.lang.ExpandoMetaClass.invokeMethod(ExpandoMetaClass.java:1110)
	at groovy.lang.MetaClassImpl.invokeMethod(MetaClassImpl.java:1016)
	at groovy.lang.Closure.call(Closure.java:423)
	at groovy.lang.Closure.call(Closure.java:417)
	at org.codehaus.gant.GantMetaClass.processClosure(GantMetaClass.java:81)
	at org.codehaus.gant.GantMetaClass.processArgument(GantMetaClass.java:95)
	at org.codehaus.gant.GantMetaClass.invokeMethod(GantMetaClass.java:128)
	at org.codehaus.groovy.runtime.callsite.PogoMetaClassSite.callCurrent(PogoMetaClassSite.java:66)
	at org.codehaus.groovy.runtime.callsite.CallSiteArray.defaultCallCurrent(CallSiteArray.java:49)
	at org.codehaus.groovy.runtime.callsite.PogoMetaClassSite.callCurrent(PogoMetaClassSite.java:81)
	at org.codehaus.groovy.runtime.callsite.AbstractCallSite.callCurrent(AbstractCallSite.java:145)
	at War$_run_closure1.doCall(War.groovy:38)
	at sun.reflect.NativeMethodAccessorImpl.invoke0(Native Method)
	at sun.reflect.NativeMethodAccessorImpl.invoke(NativeMethodAccessorImpl.java:57)
	at sun.reflect.DelegatingMethodAccessorImpl.invoke(DelegatingMethodAccessorImpl.java:43)
	at java.lang.reflect.Method.invoke(Method.java:606)
	at org.codehaus.groovy.reflection.CachedMethod.invoke(CachedMethod.java:90)
	at groovy.lang.MetaMethod.doMethodInvoke(MetaMethod.java:324)
	at groovy.lang.MetaClassImpl.invokeMethod(MetaClassImpl.java:1207)
	at groovy.lang.ExpandoMetaClass.invokeMethod(ExpandoMetaClass.java:1110)
	at groovy.lang.MetaClassImpl.invokeMethod(MetaClassImpl.java:1016)
	at groovy.lang.DelegatingMetaClass.invokeMethod(DelegatingMetaClass.java:149)
	at org.codehaus.gant.GantMetaClass.invokeMethod(GantMetaClass.java:133)
	at org.codehaus.groovy.runtime.callsite.PogoMetaClassSite.call(PogoMetaClassSite.java:39)
	at org.codehaus.groovy.runtime.callsite.CallSiteArray.defaultCall(CallSiteArray.java:45)
	at org.codehaus.groovy.runtime.callsite.PogoMetaClassSite.call(PogoMetaClassSite.java:54)
	at org.codehaus.groovy.runtime.callsite.AbstractCallSite.call(AbstractCallSite.java:116)
	at org.codehaus.gant.GantBinding$_initializeGantBinding_closure5_closure16_closure18.doCall(GantBinding.groovy:185)
	at sun.reflect.GeneratedMethodAccessor109.invoke(Unknown Source)
	at sun.reflect.DelegatingMethodAccessorImpl.invoke(DelegatingMethodAccessorImpl.java:43)
	at java.lang.reflect.Method.invoke(Method.java:606)
	at org.codehaus.groovy.runtime.callsite.PogoMetaMethodSite$PogoCachedMethodSite.invoke(PogoMetaMethodSite.java:166)
	at org.codehaus.groovy.runtime.callsite.PogoMetaMethodSite.callCurrent(PogoMetaMethodSite.java:56)
	at org.codehaus.groovy.runtime.callsite.AbstractCallSite.callCurrent(AbstractCallSite.java:141)
	at org.codehaus.gant.GantBinding$_initializeGantBinding_closure5_closure16_closure18.doCall(GantBinding.groovy)
	at sun.reflect.GeneratedMethodAccessor108.invoke(Unknown Source)
	at sun.reflect.DelegatingMethodAccessorImpl.invoke(DelegatingMethodAccessorImpl.java:43)
	at java.lang.reflect.Method.invoke(Method.java:606)
	at org.codehaus.groovy.runtime.callsite.PogoMetaMethodSite$PogoCachedMethodSiteNoUnwrapNoCoerce.invoke(PogoMetaMethodSite.java:207)
	at org.codehaus.groovy.runtime.callsite.PogoMetaMethodSite.call(PogoMetaMethodSite.java:68)
	at org.codehaus.groovy.runtime.callsite.AbstractCallSite.call(AbstractCallSite.java:112)
	at org.codehaus.gant.GantBinding.withTargetEvent(GantBinding.groovy:90)
	at org.codehaus.gant.GantBinding.this$4$withTargetEvent(GantBinding.groovy)
	at sun.reflect.GeneratedMethodAccessor103.invoke(Unknown Source)
	at sun.reflect.DelegatingMethodAccessorImpl.invoke(DelegatingMethodAccessorImpl.java:43)
	at java.lang.reflect.Method.invoke(Method.java:606)
	at org.codehaus.groovy.reflection.CachedMethod.invoke(CachedMethod.java:90)
	at groovy.lang.MetaMethod.doMethodInvoke(MetaMethod.java:324)
	at groovy.lang.MetaClassImpl.invokeMethod(MetaClassImpl.java:1207)
	at groovy.lang.ExpandoMetaClass.invokeMethod(ExpandoMetaClass.java:1110)
	at groovy.lang.MetaClassImpl.invokeMethod(MetaClassImpl.java:1016)
	at groovy.lang.MetaClassImpl.invokeMethod(MetaClassImpl.java:1152)
	at groovy.lang.ExpandoMetaClass.invokeMethod(ExpandoMetaClass.java:1110)
	at groovy.lang.MetaClassImpl.invokeMethod(MetaClassImpl.java:1016)
	at groovy.lang.MetaClassImpl.invokeMethod(MetaClassImpl.java:807)
	at groovy.lang.GroovyObjectSupport.invokeMethod(GroovyObjectSupport.java:44)
	at groovy.lang.MetaClassImpl.invokeMethodOnGroovyObject(MetaClassImpl.java:1272)
	at groovy.lang.MetaClassImpl.invokeMethod(MetaClassImpl.java:1166)
	at groovy.lang.ExpandoMetaClass.invokeMethod(ExpandoMetaClass.java:1110)
	at groovy.lang.MetaClassImpl.invokeMethod(MetaClassImpl.java:1016)
	at org.codehaus.groovy.runtime.callsite.PogoMetaClassSite.callCurrent(PogoMetaClassSite.java:66)
	at org.codehaus.groovy.runtime.callsite.AbstractCallSite.callCurrent(AbstractCallSite.java:149)
	at org.codehaus.gant.GantBinding$_initializeGantBinding_closure5_closure16.doCall(GantBinding.groovy:185)
	at sun.reflect.GeneratedMethodAccessor102.invoke(Unknown Source)
	at sun.reflect.DelegatingMethodAccessorImpl.invoke(DelegatingMethodAccessorImpl.java:43)
	at java.lang.reflect.Method.invoke(Method.java:606)
	at org.codehaus.groovy.runtime.callsite.PogoMetaMethodSite$PogoCachedMethodSite.invoke(PogoMetaMethodSite.java:166)
	at org.codehaus.groovy.runtime.callsite.PogoMetaMethodSite.callCurrent(PogoMetaMethodSite.java:56)
	at org.codehaus.groovy.runtime.callsite.AbstractCallSite.callCurrent(AbstractCallSite.java:141)
	at org.codehaus.gant.GantBinding$_initializeGantBinding_closure5_closure16.doCall(GantBinding.groovy)
	at sun.reflect.GeneratedMethodAccessor101.invoke(Unknown Source)
	at sun.reflect.DelegatingMethodAccessorImpl.invoke(DelegatingMethodAccessorImpl.java:43)
	at java.lang.reflect.Method.invoke(Method.java:606)
	at org.codehaus.groovy.runtime.callsite.PogoMetaMethodSite$PogoCachedMethodSiteNoUnwrapNoCoerce.invoke(PogoMetaMethodSite.java:207)
	at org.codehaus.groovy.runtime.callsite.PogoMetaMethodSite.call(PogoMetaMethodSite.java:68)
	at org.codehaus.groovy.runtime.callsite.AbstractCallSite.call(AbstractCallSite.java:112)
	at gant.Gant$_dispatch_closure5.doCall(Gant.groovy:381)
	at sun.reflect.NativeMethodAccessorImpl.invoke0(Native Method)
	at sun.reflect.NativeMethodAccessorImpl.invoke(NativeMethodAccessorImpl.java:57)
	at sun.reflect.DelegatingMethodAccessorImpl.invoke(DelegatingMethodAccessorImpl.java:43)
	at java.lang.reflect.Method.invoke(Method.java:606)
	at org.codehaus.groovy.runtime.callsite.PogoMetaMethodSite$PogoCachedMethodSiteNoUnwrapNoCoerce.invoke(PogoMetaMethodSite.java:207)
	at org.codehaus.groovy.runtime.callsite.PogoMetaMethodSite.call(PogoMetaMethodSite.java:68)
	at org.codehaus.groovy.runtime.callsite.AbstractCallSite.call(AbstractCallSite.java:116)
	at gant.Gant$_dispatch_closure7.doCall(Gant.groovy:415)
	at sun.reflect.NativeMethodAccessorImpl.invoke0(Native Method)
	at sun.reflect.NativeMethodAccessorImpl.invoke(NativeMethodAccessorImpl.java:57)
	at sun.reflect.DelegatingMethodAccessorImpl.invoke(DelegatingMethodAccessorImpl.java:43)
	at java.lang.reflect.Method.invoke(Method.java:606)
	at org.codehaus.groovy.runtime.callsite.PogoMetaMethodSite$PogoCachedMethodSite.invoke(PogoMetaMethodSite.java:166)
	at org.codehaus.groovy.runtime.callsite.PogoMetaMethodSite.callCurrent(PogoMetaMethodSite.java:56)
	at org.codehaus.groovy.runtime.callsite.AbstractCallSite.callCurrent(AbstractCallSite.java:141)
	at gant.Gant$_dispatch_closure7.doCall(Gant.groovy)
	at sun.reflect.NativeMethodAccessorImpl.invoke0(Native Method)
	at sun.reflect.NativeMethodAccessorImpl.invoke(NativeMethodAccessorImpl.java:57)
	at sun.reflect.DelegatingMethodAccessorImpl.invoke(DelegatingMethodAccessorImpl.java:43)
	at java.lang.reflect.Method.invoke(Method.java:606)
	at org.codehaus.groovy.runtime.callsite.PogoMetaMethodSite$PogoCachedMethodSiteNoUnwrapNoCoerce.invoke(PogoMetaMethodSite.java:207)
	at org.codehaus.groovy.runtime.callsite.PogoMetaMethodSite.call(PogoMetaMethodSite.java:68)
	at org.codehaus.groovy.runtime.callsite.AbstractCallSite.call(AbstractCallSite.java:112)
	at gant.Gant.withBuildListeners(Gant.groovy:427)
	at gant.Gant.this$2$withBuildListeners(Gant.groovy)
	at gant.Gant$this$2$withBuildListeners$0.callCurrent(Unknown Source)
	at org.codehaus.groovy.runtime.callsite.CallSiteArray.defaultCallCurrent(CallSiteArray.java:49)
	at org.codehaus.groovy.runtime.callsite.AbstractCallSite.callCurrent(AbstractCallSite.java:133)
	at org.codehaus.groovy.runtime.callsite.AbstractCallSite.callCurrent(AbstractCallSite.java:141)
	at gant.Gant.dispatch(Gant.groovy:415)
	at gant.Gant.this$2$dispatch(Gant.groovy)
	at sun.reflect.NativeMethodAccessorImpl.invoke0(Native Method)
	at sun.reflect.NativeMethodAccessorImpl.invoke(NativeMethodAccessorImpl.java:57)
	at sun.reflect.DelegatingMethodAccessorImpl.invoke(DelegatingMethodAccessorImpl.java:43)
	at java.lang.reflect.Method.invoke(Method.java:606)
	at org.codehaus.groovy.reflection.CachedMethod.invoke(CachedMethod.java:90)
	at groovy.lang.MetaMethod.doMethodInvoke(MetaMethod.java:324)
	at groovy.lang.MetaClassImpl.invokeMethod(MetaClassImpl.java:1207)
	at groovy.lang.ExpandoMetaClass.invokeMethod(ExpandoMetaClass.java:1110)
	at groovy.lang.MetaClassImpl.invokeMethod(MetaClassImpl.java:1016)
	at groovy.lang.MetaClassImpl.invokeMethod(MetaClassImpl.java:809)
	at gant.Gant.invokeMethod(Gant.groovy)
	at groovy.lang.GroovyObject$invokeMethod.callCurrent(Unknown Source)
	at org.codehaus.groovy.runtime.callsite.CallSiteArray.defaultCallCurrent(CallSiteArray.java:49)
	at groovy.lang.GroovyObject$invokeMethod.callCurrent(Unknown Source)
	at gant.Gant.executeTargets(Gant.groovy:591)
	at sun.reflect.NativeMethodAccessorImpl.invoke0(Native Method)
	at sun.reflect.NativeMethodAccessorImpl.invoke(NativeMethodAccessorImpl.java:57)
	at sun.reflect.DelegatingMethodAccessorImpl.invoke(DelegatingMethodAccessorImpl.java:43)
	at java.lang.reflect.Method.invoke(Method.java:606)
	at org.codehaus.groovy.runtime.callsite.PogoMetaMethodSite$PogoCachedMethodSite.invoke(PogoMetaMethodSite.java:166)
	at org.codehaus.groovy.runtime.callsite.PogoMetaMethodSite.callCurrent(PogoMetaMethodSite.java:56)
	at org.codehaus.groovy.runtime.callsite.CallSiteArray.defaultCallCurrent(CallSiteArray.java:49)
	at org.codehaus.groovy.runtime.callsite.PogoMetaMethodSite.callCurrent(PogoMetaMethodSite.java:61)
	at org.codehaus.groovy.runtime.callsite.AbstractCallSite.callCurrent(AbstractCallSite.java:145)
	at gant.Gant.executeTargets(Gant.groovy:590)
	at org.codehaus.groovy.grails.cli.GrailsScriptRunner.executeWithGantInstance(GrailsScriptRunner.java:781)
	at org.codehaus.groovy.grails.cli.GrailsScriptRunner.executeScriptFile(GrailsScriptRunner.java:573)
	at org.codehaus.groovy.grails.cli.GrailsScriptRunner.executeScriptWithCaching(GrailsScriptRunner.java:472)
	at org.codehaus.groovy.grails.cli.GrailsScriptRunner.executeScriptWithCaching(GrailsScriptRunner.java:423)
	at org.grails.ide.api.impl.GrailsConnectorImpl.executeCommand(GrailsConnectorImpl.java:160)
	at org.grails.ide.eclipse.longrunning.process.GrailsProcess.run(GrailsProcess.java:130)
	at org.grails.ide.eclipse.longrunning.process.GrailsProcess.main(GrailsProcess.java:93)
	at sun.reflect.NativeMethodAccessorImpl.invoke0(Native Method)
	at sun.reflect.NativeMethodAccessorImpl.invoke(NativeMethodAccessorImpl.java:57)
	at sun.reflect.DelegatingMethodAccessorImpl.invoke(DelegatingMethodAccessorImpl.java:43)
	at java.lang.reflect.Method.invoke(Method.java:606)
	at org.codehaus.groovy.grails.cli.support.GrailsStarter.rootLoader(GrailsStarter.java:236)
	at org.codehaus.groovy.grails.cli.support.GrailsStarter.main(GrailsStarter.java:264)
2017-01-22 22:17:16,480 [main] ERROR StackTrace  - Full Stack Trace:
org.mozilla.javascript.JavaScriptException: [object Object] (/D:/ggts-bundle/workspace-ggts-3.6.4.RELEASE/MoneyManager/target/work/resources/uglifyjs/lib/parse-js.js#273)
	at org.mozilla.javascript.gen._D__ggts_bundle_workspace_ggts_3_6_4_RELEASE_MoneyManager_target_work_resources_uglifyjs_lib_parse_js_js_7._c_js_error_13(/D:/ggts-bundle/workspace-ggts-3.6.4.RELEASE/MoneyManager/target/work/resources/uglifyjs/lib/parse-js.js:273)
	at org.mozilla.javascript.optimizer.OptRuntime.callName(OptRuntime.java:63)
	at org.mozilla.javascript.gen._D__ggts_bundle_workspace_ggts_3_6_4_RELEASE_MoneyManager_target_work_resources_uglifyjs_lib_parse_js_js_7._c_croak_55(/D:/ggts-bundle/workspace-ggts-3.6.4.RELEASE/MoneyManager/target/work/resources/uglifyjs/lib/parse-js.js:735)
	at org.mozilla.javascript.optimizer.OptRuntime.callName(OptRuntime.java:63)
	at org.mozilla.javascript.gen._D__ggts_bundle_workspace_ggts_3_6_4_RELEASE_MoneyManager_target_work_resources_uglifyjs_lib_parse_js_js_7._c_token_error_56(/D:/ggts-bundle/workspace-ggts-3.6.4.RELEASE/MoneyManager/target/work/resources/uglifyjs/lib/parse-js.js:742)
	at org.mozilla.javascript.optimizer.OptRuntime.callName(OptRuntime.java:63)
	at org.mozilla.javascript.gen._D__ggts_bundle_workspace_ggts_3_6_4_RELEASE_MoneyManager_target_work_resources_uglifyjs_lib_parse_js_js_7._c_expect_token_58(/D:/ggts-bundle/workspace-ggts-3.6.4.RELEASE/MoneyManager/target/work/resources/uglifyjs/lib/parse-js.js:755)
	at org.mozilla.javascript.optimizer.OptRuntime.callName(OptRuntime.java:63)
	at org.mozilla.javascript.gen._D__ggts_bundle_workspace_ggts_3_6_4_RELEASE_MoneyManager_target_work_resources_uglifyjs_lib_parse_js_js_7._c_expect_59(/D:/ggts-bundle/workspace-ggts-3.6.4.RELEASE/MoneyManager/target/work/resources/uglifyjs/lib/parse-js.js:758)
	at org.mozilla.javascript.optimizer.OptRuntime.callName(OptRuntime.java:63)
	at org.mozilla.javascript.gen._D__ggts_bundle_workspace_ggts_3_6_4_RELEASE_MoneyManager_target_work_resources_uglifyjs_lib_parse_js_js_7._c_regular_for_73(/D:/ggts-bundle/workspace-ggts-3.6.4.RELEASE/MoneyManager/target/work/resources/uglifyjs/lib/parse-js.js:946)
	at org.mozilla.javascript.optimizer.OptRuntime.callName(OptRuntime.java:63)
	at org.mozilla.javascript.gen._D__ggts_bundle_workspace_ggts_3_6_4_RELEASE_MoneyManager_target_work_resources_uglifyjs_lib_parse_js_js_7._c_for__72(/D:/ggts-bundle/workspace-ggts-3.6.4.RELEASE/MoneyManager/target/work/resources/uglifyjs/lib/parse-js.js:940)
	at org.mozilla.javascript.optimizer.OptRuntime.callName0(OptRuntime.java:74)
	at org.mozilla.javascript.gen._D__ggts_bundle_workspace_ggts_3_6_4_RELEASE_MoneyManager_target_work_resources_uglifyjs_lib_parse_js_js_7._c_anonymous_67(/D:/ggts-bundle/workspace-ggts-3.6.4.RELEASE/MoneyManager/target/work/resources/uglifyjs/lib/parse-js.js:851)
	at org.mozilla.javascript.optimizer.OptRuntime.callName0(OptRuntime.java:74)
	at org.mozilla.javascript.gen._D__ggts_bundle_workspace_ggts_3_6_4_RELEASE_MoneyManager_target_work_resources_uglifyjs_lib_parse_js_js_7._c_block__79(/D:/ggts-bundle/workspace-ggts-3.6.4.RELEASE/MoneyManager/target/work/resources/uglifyjs/lib/parse-js.js:1005)
	at org.mozilla.javascript.optimizer.OptRuntime.callName0(OptRuntime.java:74)
	at org.mozilla.javascript.gen._D__ggts_bundle_workspace_ggts_3_6_4_RELEASE_MoneyManager_target_work_resources_uglifyjs_lib_parse_js_js_7._c_anonymous_77(/D:/ggts-bundle/workspace-ggts-3.6.4.RELEASE/MoneyManager/target/work/resources/uglifyjs/lib/parse-js.js:984)
	at org.mozilla.javascript.optimizer.OptRuntime.call0(OptRuntime.java:23)
	at org.mozilla.javascript.gen._D__ggts_bundle_workspace_ggts_3_6_4_RELEASE_MoneyManager_target_work_resources_uglifyjs_lib_parse_js_js_7._c_anonymous_75(/D:/ggts-bundle/workspace-ggts-3.6.4.RELEASE/MoneyManager/target/work/resources/uglifyjs/lib/parse-js.js:965)
	at org.mozilla.javascript.optimizer.OptRuntime.callName(OptRuntime.java:63)
	at org.mozilla.javascript.gen._D__ggts_bundle_workspace_ggts_3_6_4_RELEASE_MoneyManager_target_work_resources_uglifyjs_lib_parse_js_js_7._c_anonymous_67(/D:/ggts-bundle/workspace-ggts-3.6.4.RELEASE/MoneyManager/target/work/resources/uglifyjs/lib/parse-js.js:854)
	at org.mozilla.javascript.optimizer.OptRuntime.callName0(OptRuntime.java:74)
	at org.mozilla.javascript.gen._D__ggts_bundle_workspace_ggts_3_6_4_RELEASE_MoneyManager_target_work_resources_uglifyjs_lib_parse_js_js_7._c_anonymous_102(/D:/ggts-bundle/workspace-ggts-3.6.4.RELEASE/MoneyManager/target/work/resources/uglifyjs/lib/parse-js.js:1299)
	at org.mozilla.javascript.optimizer.OptRuntime.call1(OptRuntime.java:32)
	at org.mozilla.javascript.gen._D__ggts_bundle_workspace_ggts_3_6_4_RELEASE_MoneyManager_target_work_resources_uglifyjs_lib_parse_js_js_7._c_parse_50(/D:/ggts-bundle/workspace-ggts-3.6.4.RELEASE/MoneyManager/target/work/resources/uglifyjs/lib/parse-js.js:1297)
	at org.mozilla.javascript.optimizer.OptRuntime.call2(OptRuntime.java:42)
	at org.mozilla.javascript.gen._D__ggts_bundle_workspace_ggts_3_6_4_RELEASE_MoneyManager_target_work_resources_uglifyjs_uglify_js_js_6._c_uglify_1(/D:/ggts-bundle/workspace-ggts-3.6.4.RELEASE/MoneyManager/target/work/resources/uglifyjs/uglify-js.js:7)
	at org.mozilla.javascript.ContextFactory.doTopCall(ContextFactory.java:394)
	at org.mozilla.javascript.ScriptRuntime.doTopCall(ScriptRuntime.java:3091)
	at org.mozilla.javascript.Context$1.run(Context.java:478)
	at org.mozilla.javascript.Context.call(Context.java:489)
	at org.mozilla.javascript.Context.call(Context.java:476)
	at asset.pipeline.processors.UglifyJsProcessor.call(UglifyJsProcessor.groovy:79)
	at asset.pipeline.processors.UglifyJsProcessor.process(UglifyJsProcessor.groovy:54)
	at asset.pipeline.AssetCompiler.compile(AssetCompiler.groovy:77)
	at _AssetCompile_groovy$_run_closure2.doCall(_AssetCompile_groovy:49)
	at _Events$_run_closure1.doCall(_Events.groovy:5)
	at _GrailsWar$_run_closure2.doCall(_GrailsWar.groovy:43)
	at War$_run_closure1.doCall(War.groovy:38)
	at org.grails.ide.api.impl.GrailsConnectorImpl.executeCommand(GrailsConnectorImpl.java:160)
	at org.grails.ide.eclipse.longrunning.process.GrailsProcess.run(GrailsProcess.java:130)
	at org.grails.ide.eclipse.longrunning.process.GrailsProcess.main(GrailsProcess.java:93)
2017-01-22 22:21:19,578 [main] ERROR StackTrace  - Full Stack Trace:
org.mozilla.javascript.JavaScriptException: [object Object] (/D:/ggts-bundle/workspace-ggts-3.6.4.RELEASE/MoneyManager/target/work/resources/uglifyjs/lib/parse-js.js#273)
	at org.mozilla.javascript.gen._D__ggts_bundle_workspace_ggts_3_6_4_RELEASE_MoneyManager_target_work_resources_uglifyjs_lib_parse_js_js_17._c_js_error_13(/D:/ggts-bundle/workspace-ggts-3.6.4.RELEASE/MoneyManager/target/work/resources/uglifyjs/lib/parse-js.js:273)
	at org.mozilla.javascript.gen._D__ggts_bundle_workspace_ggts_3_6_4_RELEASE_MoneyManager_target_work_resources_uglifyjs_lib_parse_js_js_17.call(/D:/ggts-bundle/workspace-ggts-3.6.4.RELEASE/MoneyManager/target/work/resources/uglifyjs/lib/parse-js.js)
	at org.mozilla.javascript.optimizer.OptRuntime.callName(OptRuntime.java:63)
	at org.mozilla.javascript.gen._D__ggts_bundle_workspace_ggts_3_6_4_RELEASE_MoneyManager_target_work_resources_uglifyjs_lib_parse_js_js_17._c_croak_55(/D:/ggts-bundle/workspace-ggts-3.6.4.RELEASE/MoneyManager/target/work/resources/uglifyjs/lib/parse-js.js:735)
	at org.mozilla.javascript.gen._D__ggts_bundle_workspace_ggts_3_6_4_RELEASE_MoneyManager_target_work_resources_uglifyjs_lib_parse_js_js_17.call(/D:/ggts-bundle/workspace-ggts-3.6.4.RELEASE/MoneyManager/target/work/resources/uglifyjs/lib/parse-js.js)
	at org.mozilla.javascript.optimizer.OptRuntime.callName(OptRuntime.java:63)
	at org.mozilla.javascript.gen._D__ggts_bundle_workspace_ggts_3_6_4_RELEASE_MoneyManager_target_work_resources_uglifyjs_lib_parse_js_js_17._c_token_error_56(/D:/ggts-bundle/workspace-ggts-3.6.4.RELEASE/MoneyManager/target/work/resources/uglifyjs/lib/parse-js.js:742)
	at org.mozilla.javascript.gen._D__ggts_bundle_workspace_ggts_3_6_4_RELEASE_MoneyManager_target_work_resources_uglifyjs_lib_parse_js_js_17.call(/D:/ggts-bundle/workspace-ggts-3.6.4.RELEASE/MoneyManager/target/work/resources/uglifyjs/lib/parse-js.js)
	at org.mozilla.javascript.optimizer.OptRuntime.callName(OptRuntime.java:63)
	at org.mozilla.javascript.gen._D__ggts_bundle_workspace_ggts_3_6_4_RELEASE_MoneyManager_target_work_resources_uglifyjs_lib_parse_js_js_17._c_expect_token_58(/D:/ggts-bundle/workspace-ggts-3.6.4.RELEASE/MoneyManager/target/work/resources/uglifyjs/lib/parse-js.js:755)
	at org.mozilla.javascript.gen._D__ggts_bundle_workspace_ggts_3_6_4_RELEASE_MoneyManager_target_work_resources_uglifyjs_lib_parse_js_js_17.call(/D:/ggts-bundle/workspace-ggts-3.6.4.RELEASE/MoneyManager/target/work/resources/uglifyjs/lib/parse-js.js)
	at org.mozilla.javascript.optimizer.OptRuntime.callName(OptRuntime.java:63)
	at org.mozilla.javascript.gen._D__ggts_bundle_workspace_ggts_3_6_4_RELEASE_MoneyManager_target_work_resources_uglifyjs_lib_parse_js_js_17._c_expect_59(/D:/ggts-bundle/workspace-ggts-3.6.4.RELEASE/MoneyManager/target/work/resources/uglifyjs/lib/parse-js.js:758)
	at org.mozilla.javascript.gen._D__ggts_bundle_workspace_ggts_3_6_4_RELEASE_MoneyManager_target_work_resources_uglifyjs_lib_parse_js_js_17.call(/D:/ggts-bundle/workspace-ggts-3.6.4.RELEASE/MoneyManager/target/work/resources/uglifyjs/lib/parse-js.js)
	at org.mozilla.javascript.optimizer.OptRuntime.callName(OptRuntime.java:63)
	at org.mozilla.javascript.gen._D__ggts_bundle_workspace_ggts_3_6_4_RELEASE_MoneyManager_target_work_resources_uglifyjs_lib_parse_js_js_17._c_regular_for_73(/D:/ggts-bundle/workspace-ggts-3.6.4.RELEASE/MoneyManager/target/work/resources/uglifyjs/lib/parse-js.js:946)
	at org.mozilla.javascript.gen._D__ggts_bundle_workspace_ggts_3_6_4_RELEASE_MoneyManager_target_work_resources_uglifyjs_lib_parse_js_js_17.call(/D:/ggts-bundle/workspace-ggts-3.6.4.RELEASE/MoneyManager/target/work/resources/uglifyjs/lib/parse-js.js)
	at org.mozilla.javascript.optimizer.OptRuntime.callName(OptRuntime.java:63)
	at org.mozilla.javascript.gen._D__ggts_bundle_workspace_ggts_3_6_4_RELEASE_MoneyManager_target_work_resources_uglifyjs_lib_parse_js_js_17._c_for__72(/D:/ggts-bundle/workspace-ggts-3.6.4.RELEASE/MoneyManager/target/work/resources/uglifyjs/lib/parse-js.js:940)
	at org.mozilla.javascript.gen._D__ggts_bundle_workspace_ggts_3_6_4_RELEASE_MoneyManager_target_work_resources_uglifyjs_lib_parse_js_js_17.call(/D:/ggts-bundle/workspace-ggts-3.6.4.RELEASE/MoneyManager/target/work/resources/uglifyjs/lib/parse-js.js)
	at org.mozilla.javascript.optimizer.OptRuntime.callName0(OptRuntime.java:74)
	at org.mozilla.javascript.gen._D__ggts_bundle_workspace_ggts_3_6_4_RELEASE_MoneyManager_target_work_resources_uglifyjs_lib_parse_js_js_17._c_anonymous_67(/D:/ggts-bundle/workspace-ggts-3.6.4.RELEASE/MoneyManager/target/work/resources/uglifyjs/lib/parse-js.js:851)
	at org.mozilla.javascript.gen._D__ggts_bundle_workspace_ggts_3_6_4_RELEASE_MoneyManager_target_work_resources_uglifyjs_lib_parse_js_js_17.call(/D:/ggts-bundle/workspace-ggts-3.6.4.RELEASE/MoneyManager/target/work/resources/uglifyjs/lib/parse-js.js)
	at org.mozilla.javascript.optimizer.OptRuntime.callName0(OptRuntime.java:74)
	at org.mozilla.javascript.gen._D__ggts_bundle_workspace_ggts_3_6_4_RELEASE_MoneyManager_target_work_resources_uglifyjs_lib_parse_js_js_17._c_block__79(/D:/ggts-bundle/workspace-ggts-3.6.4.RELEASE/MoneyManager/target/work/resources/uglifyjs/lib/parse-js.js:1005)
	at org.mozilla.javascript.gen._D__ggts_bundle_workspace_ggts_3_6_4_RELEASE_MoneyManager_target_work_resources_uglifyjs_lib_parse_js_js_17.call(/D:/ggts-bundle/workspace-ggts-3.6.4.RELEASE/MoneyManager/target/work/resources/uglifyjs/lib/parse-js.js)
	at org.mozilla.javascript.optimizer.OptRuntime.callName0(OptRuntime.java:74)
	at org.mozilla.javascript.gen._D__ggts_bundle_workspace_ggts_3_6_4_RELEASE_MoneyManager_target_work_resources_uglifyjs_lib_parse_js_js_17._c_anonymous_77(/D:/ggts-bundle/workspace-ggts-3.6.4.RELEASE/MoneyManager/target/work/resources/uglifyjs/lib/parse-js.js:984)
	at org.mozilla.javascript.gen._D__ggts_bundle_workspace_ggts_3_6_4_RELEASE_MoneyManager_target_work_resources_uglifyjs_lib_parse_js_js_17.call(/D:/ggts-bundle/workspace-ggts-3.6.4.RELEASE/MoneyManager/target/work/resources/uglifyjs/lib/parse-js.js)
	at org.mozilla.javascript.optimizer.OptRuntime.call0(OptRuntime.java:23)
	at org.mozilla.javascript.gen._D__ggts_bundle_workspace_ggts_3_6_4_RELEASE_MoneyManager_target_work_resources_uglifyjs_lib_parse_js_js_17._c_anonymous_75(/D:/ggts-bundle/workspace-ggts-3.6.4.RELEASE/MoneyManager/target/work/resources/uglifyjs/lib/parse-js.js:965)
	at org.mozilla.javascript.gen._D__ggts_bundle_workspace_ggts_3_6_4_RELEASE_MoneyManager_target_work_resources_uglifyjs_lib_parse_js_js_17.call(/D:/ggts-bundle/workspace-ggts-3.6.4.RELEASE/MoneyManager/target/work/resources/uglifyjs/lib/parse-js.js)
	at org.mozilla.javascript.optimizer.OptRuntime.callName(OptRuntime.java:63)
	at org.mozilla.javascript.gen._D__ggts_bundle_workspace_ggts_3_6_4_RELEASE_MoneyManager_target_work_resources_uglifyjs_lib_parse_js_js_17._c_anonymous_67(/D:/ggts-bundle/workspace-ggts-3.6.4.RELEASE/MoneyManager/target/work/resources/uglifyjs/lib/parse-js.js:854)
	at org.mozilla.javascript.gen._D__ggts_bundle_workspace_ggts_3_6_4_RELEASE_MoneyManager_target_work_resources_uglifyjs_lib_parse_js_js_17.call(/D:/ggts-bundle/workspace-ggts-3.6.4.RELEASE/MoneyManager/target/work/resources/uglifyjs/lib/parse-js.js)
	at org.mozilla.javascript.optimizer.OptRuntime.callName0(OptRuntime.java:74)
	at org.mozilla.javascript.gen._D__ggts_bundle_workspace_ggts_3_6_4_RELEASE_MoneyManager_target_work_resources_uglifyjs_lib_parse_js_js_17._c_anonymous_102(/D:/ggts-bundle/workspace-ggts-3.6.4.RELEASE/MoneyManager/target/work/resources/uglifyjs/lib/parse-js.js:1299)
	at org.mozilla.javascript.gen._D__ggts_bundle_workspace_ggts_3_6_4_RELEASE_MoneyManager_target_work_resources_uglifyjs_lib_parse_js_js_17.call(/D:/ggts-bundle/workspace-ggts-3.6.4.RELEASE/MoneyManager/target/work/resources/uglifyjs/lib/parse-js.js)
	at org.mozilla.javascript.optimizer.OptRuntime.call1(OptRuntime.java:32)
	at org.mozilla.javascript.gen._D__ggts_bundle_workspace_ggts_3_6_4_RELEASE_MoneyManager_target_work_resources_uglifyjs_lib_parse_js_js_17._c_parse_50(/D:/ggts-bundle/workspace-ggts-3.6.4.RELEASE/MoneyManager/target/work/resources/uglifyjs/lib/parse-js.js:1297)
	at org.mozilla.javascript.gen._D__ggts_bundle_workspace_ggts_3_6_4_RELEASE_MoneyManager_target_work_resources_uglifyjs_lib_parse_js_js_17.call(/D:/ggts-bundle/workspace-ggts-3.6.4.RELEASE/MoneyManager/target/work/resources/uglifyjs/lib/parse-js.js)
	at org.mozilla.javascript.optimizer.OptRuntime.call2(OptRuntime.java:42)
	at org.mozilla.javascript.gen._D__ggts_bundle_workspace_ggts_3_6_4_RELEASE_MoneyManager_target_work_resources_uglifyjs_uglify_js_js_16._c_uglify_1(/D:/ggts-bundle/workspace-ggts-3.6.4.RELEASE/MoneyManager/target/work/resources/uglifyjs/uglify-js.js:7)
	at org.mozilla.javascript.gen._D__ggts_bundle_workspace_ggts_3_6_4_RELEASE_MoneyManager_target_work_resources_uglifyjs_uglify_js_js_16.call(/D:/ggts-bundle/workspace-ggts-3.6.4.RELEASE/MoneyManager/target/work/resources/uglifyjs/uglify-js.js)
	at org.mozilla.javascript.ContextFactory.doTopCall(ContextFactory.java:394)
	at org.mozilla.javascript.ScriptRuntime.doTopCall(ScriptRuntime.java:3091)
	at org.mozilla.javascript.gen._D__ggts_bundle_workspace_ggts_3_6_4_RELEASE_MoneyManager_target_work_resources_uglifyjs_uglify_js_js_16.call(/D:/ggts-bundle/workspace-ggts-3.6.4.RELEASE/MoneyManager/target/work/resources/uglifyjs/uglify-js.js)
	at org.mozilla.javascript.Context$1.run(Context.java:478)
	at org.mozilla.javascript.Context.call(Context.java:489)
	at org.mozilla.javascript.Context.call(Context.java:476)
	at org.mozilla.javascript.Context$call$3.call(Unknown Source)
	at org.codehaus.groovy.runtime.callsite.CallSiteArray.defaultCall(CallSiteArray.java:45)
	at org.mozilla.javascript.Context$call$3.call(Unknown Source)
	at asset.pipeline.processors.UglifyJsProcessor.call(UglifyJsProcessor.groovy:79)
	at asset.pipeline.processors.UglifyJsProcessor.this$2$call(UglifyJsProcessor.groovy)
	at sun.reflect.NativeMethodAccessorImpl.invoke0(Native Method)
	at sun.reflect.NativeMethodAccessorImpl.invoke(NativeMethodAccessorImpl.java:57)
	at sun.reflect.DelegatingMethodAccessorImpl.invoke(DelegatingMethodAccessorImpl.java:43)
	at java.lang.reflect.Method.invoke(Method.java:606)
	at org.codehaus.groovy.runtime.callsite.PogoMetaMethodSite$PogoCachedMethodSite.invoke(PogoMetaMethodSite.java:166)
	at org.codehaus.groovy.runtime.callsite.PogoMetaMethodSite.callCurrent(PogoMetaMethodSite.java:56)
	at org.codehaus.groovy.runtime.callsite.CallSiteArray.defaultCallCurrent(CallSiteArray.java:49)
	at org.codehaus.groovy.runtime.callsite.PogoMetaMethodSite.callCurrent(PogoMetaMethodSite.java:61)
	at org.codehaus.groovy.runtime.callsite.AbstractCallSite.callCurrent(AbstractCallSite.java:149)
	at asset.pipeline.processors.UglifyJsProcessor.process(UglifyJsProcessor.groovy:54)
	at asset.pipeline.processors.UglifyJsProcessor$process.call(Unknown Source)
	at asset.pipeline.AssetCompiler.compile(AssetCompiler.groovy:77)
	at asset.pipeline.AssetCompiler$compile.call(Unknown Source)
	at _AssetCompile_groovy$_run_closure2.doCall(_AssetCompile_groovy:49)
	at sun.reflect.NativeMethodAccessorImpl.invoke0(Native Method)
	at sun.reflect.NativeMethodAccessorImpl.invoke(NativeMethodAccessorImpl.java:57)
	at sun.reflect.DelegatingMethodAccessorImpl.invoke(DelegatingMethodAccessorImpl.java:43)
	at java.lang.reflect.Method.invoke(Method.java:606)
	at org.codehaus.groovy.reflection.CachedMethod.invoke(CachedMethod.java:90)
	at groovy.lang.MetaMethod.doMethodInvoke(MetaMethod.java:324)
	at groovy.lang.MetaClassImpl.invokeMethod(MetaClassImpl.java:1207)
	at groovy.lang.ExpandoMetaClass.invokeMethod(ExpandoMetaClass.java:1110)
	at groovy.lang.MetaClassImpl.invokeMethod(MetaClassImpl.java:1016)
	at groovy.lang.DelegatingMetaClass.invokeMethod(DelegatingMetaClass.java:149)
	at org.codehaus.gant.GantMetaClass.invokeMethod(GantMetaClass.java:133)
	at org.codehaus.groovy.runtime.callsite.PogoMetaClassSite.call(PogoMetaClassSite.java:39)
	at org.codehaus.groovy.runtime.callsite.CallSiteArray.defaultCall(CallSiteArray.java:45)
	at org.codehaus.groovy.runtime.callsite.PogoMetaClassSite.call(PogoMetaClassSite.java:54)
	at org.codehaus.groovy.runtime.callsite.AbstractCallSite.call(AbstractCallSite.java:116)
	at org.codehaus.gant.GantBinding$_initializeGantBinding_closure5_closure16_closure18.doCall(GantBinding.groovy:185)
	at sun.reflect.GeneratedMethodAccessor109.invoke(Unknown Source)
	at sun.reflect.DelegatingMethodAccessorImpl.invoke(DelegatingMethodAccessorImpl.java:43)
	at java.lang.reflect.Method.invoke(Method.java:606)
	at org.codehaus.groovy.runtime.callsite.PogoMetaMethodSite$PogoCachedMethodSite.invoke(PogoMetaMethodSite.java:166)
	at org.codehaus.groovy.runtime.callsite.PogoMetaMethodSite.callCurrent(PogoMetaMethodSite.java:56)
	at org.codehaus.groovy.runtime.callsite.AbstractCallSite.callCurrent(AbstractCallSite.java:141)
	at org.codehaus.gant.GantBinding$_initializeGantBinding_closure5_closure16_closure18.doCall(GantBinding.groovy)
	at sun.reflect.GeneratedMethodAccessor108.invoke(Unknown Source)
	at sun.reflect.DelegatingMethodAccessorImpl.invoke(DelegatingMethodAccessorImpl.java:43)
	at java.lang.reflect.Method.invoke(Method.java:606)
	at org.codehaus.groovy.runtime.callsite.PogoMetaMethodSite$PogoCachedMethodSiteNoUnwrapNoCoerce.invoke(PogoMetaMethodSite.java:207)
	at org.codehaus.groovy.runtime.callsite.PogoMetaMethodSite.call(PogoMetaMethodSite.java:68)
	at org.codehaus.groovy.runtime.callsite.AbstractCallSite.call(AbstractCallSite.java:112)
	at org.codehaus.gant.GantBinding.withTargetEvent(GantBinding.groovy:90)
	at org.codehaus.gant.GantBinding.this$4$withTargetEvent(GantBinding.groovy)
	at sun.reflect.GeneratedMethodAccessor103.invoke(Unknown Source)
	at sun.reflect.DelegatingMethodAccessorImpl.invoke(DelegatingMethodAccessorImpl.java:43)
	at java.lang.reflect.Method.invoke(Method.java:606)
	at org.codehaus.groovy.reflection.CachedMethod.invoke(CachedMethod.java:90)
	at groovy.lang.MetaMethod.doMethodInvoke(MetaMethod.java:324)
	at groovy.lang.MetaClassImpl.invokeMethod(MetaClassImpl.java:1207)
	at groovy.lang.ExpandoMetaClass.invokeMethod(ExpandoMetaClass.java:1110)
	at groovy.lang.MetaClassImpl.invokeMethod(MetaClassImpl.java:1016)
	at groovy.lang.MetaClassImpl.invokeMethod(MetaClassImpl.java:1152)
	at groovy.lang.ExpandoMetaClass.invokeMethod(ExpandoMetaClass.java:1110)
	at groovy.lang.MetaClassImpl.invokeMethod(MetaClassImpl.java:1016)
	at groovy.lang.MetaClassImpl.invokeMethod(MetaClassImpl.java:807)
	at groovy.lang.GroovyObjectSupport.invokeMethod(GroovyObjectSupport.java:44)
	at groovy.lang.MetaClassImpl.invokeMethodOnGroovyObject(MetaClassImpl.java:1272)
	at groovy.lang.MetaClassImpl.invokeMethod(MetaClassImpl.java:1166)
	at groovy.lang.ExpandoMetaClass.invokeMethod(ExpandoMetaClass.java:1110)
	at groovy.lang.MetaClassImpl.invokeMethod(MetaClassImpl.java:1016)
	at org.codehaus.groovy.runtime.callsite.PogoMetaClassSite.callCurrent(PogoMetaClassSite.java:66)
	at org.codehaus.groovy.runtime.callsite.AbstractCallSite.callCurrent(AbstractCallSite.java:149)
	at org.codehaus.gant.GantBinding$_initializeGantBinding_closure5_closure16.doCall(GantBinding.groovy:185)
	at sun.reflect.GeneratedMethodAccessor102.invoke(Unknown Source)
	at sun.reflect.DelegatingMethodAccessorImpl.invoke(DelegatingMethodAccessorImpl.java:43)
	at java.lang.reflect.Method.invoke(Method.java:606)
	at org.codehaus.groovy.runtime.callsite.PogoMetaMethodSite$PogoCachedMethodSite.invoke(PogoMetaMethodSite.java:166)
	at org.codehaus.groovy.runtime.callsite.PogoMetaMethodSite.callCurrent(PogoMetaMethodSite.java:56)
	at org.codehaus.groovy.runtime.callsite.AbstractCallSite.callCurrent(AbstractCallSite.java:141)
	at org.codehaus.gant.GantBinding$_initializeGantBinding_closure5_closure16.doCall(GantBinding.groovy)
	at sun.reflect.GeneratedMethodAccessor101.invoke(Unknown Source)
	at sun.reflect.DelegatingMethodAccessorImpl.invoke(DelegatingMethodAccessorImpl.java:43)
	at java.lang.reflect.Method.invoke(Method.java:606)
	at org.codehaus.groovy.reflection.CachedMethod.invoke(CachedMethod.java:90)
	at groovy.lang.MetaMethod.doMethodInvoke(MetaMethod.java:324)
	at groovy.lang.MetaClassImpl.invokeMethod(MetaClassImpl.java:1207)
	at groovy.lang.ExpandoMetaClass.invokeMethod(ExpandoMetaClass.java:1110)
	at groovy.lang.MetaClassImpl.invokeMethod(MetaClassImpl.java:1016)
	at groovy.lang.MetaClassImpl.invokePropertyOrMissing(MetaClassImpl.java:1253)
	at groovy.lang.MetaClassImpl.invokeMethod(MetaClassImpl.java:1209)
	at groovy.lang.ExpandoMetaClass.invokeMethod(ExpandoMetaClass.java:1110)
	at groovy.lang.MetaClassImpl.invokeMethod(MetaClassImpl.java:1016)
	at groovy.lang.MetaClassImpl.invokeMethod(MetaClassImpl.java:807)
	at groovy.lang.GroovyObjectSupport.invokeMethod(GroovyObjectSupport.java:44)
	at groovy.lang.Script.invokeMethod(Script.java:78)
	at groovy.lang.MetaClassImpl.invokeMethodOnGroovyObject(MetaClassImpl.java:1272)
	at groovy.lang.MetaClassImpl.invokeMethod(MetaClassImpl.java:1166)
	at groovy.lang.ExpandoMetaClass.invokeMethod(ExpandoMetaClass.java:1110)
	at groovy.lang.MetaClassImpl.invokeMethod(MetaClassImpl.java:1016)
	at org.codehaus.groovy.runtime.callsite.PogoMetaClassSite.callCurrent(PogoMetaClassSite.java:66)
	at org.codehaus.groovy.runtime.callsite.CallSiteArray.defaultCallCurrent(CallSiteArray.java:49)
	at org.codehaus.groovy.runtime.callsite.AbstractCallSite.callCurrent(AbstractCallSite.java:133)
	at org.codehaus.groovy.runtime.callsite.AbstractCallSite.callCurrent(AbstractCallSite.java:137)
	at _Events$_run_closure1.doCall(_Events.groovy:5)
	at sun.reflect.NativeMethodAccessorImpl.invoke0(Native Method)
	at sun.reflect.NativeMethodAccessorImpl.invoke(NativeMethodAccessorImpl.java:57)
	at sun.reflect.DelegatingMethodAccessorImpl.invoke(DelegatingMethodAccessorImpl.java:43)
	at java.lang.reflect.Method.invoke(Method.java:606)
	at org.codehaus.groovy.reflection.CachedMethod.invoke(CachedMethod.java:90)
	at groovy.lang.MetaMethod.doMethodInvoke(MetaMethod.java:324)
	at groovy.lang.MetaClassImpl.invokeMethod(MetaClassImpl.java:1207)
	at groovy.lang.ExpandoMetaClass.invokeMethod(ExpandoMetaClass.java:1110)
	at groovy.lang.MetaClassImpl.invokeMethod(MetaClassImpl.java:1016)
	at groovy.lang.Closure.call(Closure.java:423)
	at org.codehaus.groovy.grails.cli.support.GrailsBuildEventListener.triggerEvent(GrailsBuildEventListener.java:225)
	at sun.reflect.GeneratedMethodAccessor154.invoke(Unknown Source)
	at sun.reflect.DelegatingMethodAccessorImpl.invoke(DelegatingMethodAccessorImpl.java:43)
	at java.lang.reflect.Method.invoke(Method.java:606)
	at org.codehaus.groovy.runtime.callsite.PojoMetaMethodSite$PojoCachedMethodSite.invoke(PojoMetaMethodSite.java:189)
	at org.codehaus.groovy.runtime.callsite.PojoMetaMethodSite.call(PojoMetaMethodSite.java:53)
	at org.codehaus.groovy.runtime.callsite.AbstractCallSite.call(AbstractCallSite.java:124)
	at org.codehaus.groovy.grails.project.packaging.GrailsProjectWarCreator.packageWarOnly(GrailsProjectWarCreator.groovy:338)
	at org.codehaus.groovy.grails.project.packaging.GrailsProjectWarCreator$packageWarOnly$1.callCurrent(Unknown Source)
	at org.codehaus.groovy.grails.project.packaging.GrailsProjectWarCreator.packageWar(GrailsProjectWarCreator.groovy:117)
	at org.codehaus.groovy.grails.project.packaging.GrailsProjectWarCreator$packageWar$0.call(Unknown Source)
	at _GrailsWar$_run_closure2.doCall(_GrailsWar.groovy:43)
	at sun.reflect.NativeMethodAccessorImpl.invoke0(Native Method)
	at sun.reflect.NativeMethodAccessorImpl.invoke(NativeMethodAccessorImpl.java:57)
	at sun.reflect.DelegatingMethodAccessorImpl.invoke(DelegatingMethodAccessorImpl.java:43)
	at java.lang.reflect.Method.invoke(Method.java:606)
	at org.codehaus.groovy.reflection.CachedMethod.invoke(CachedMethod.java:90)
	at groovy.lang.MetaMethod.doMethodInvoke(MetaMethod.java:324)
	at groovy.lang.MetaClassImpl.invokeMethod(MetaClassImpl.java:1207)
	at groovy.lang.ExpandoMetaClass.invokeMethod(ExpandoMetaClass.java:1110)
	at groovy.lang.MetaClassImpl.invokeMethod(MetaClassImpl.java:1016)
	at groovy.lang.DelegatingMetaClass.invokeMethod(DelegatingMetaClass.java:149)
	at org.codehaus.gant.GantMetaClass.invokeMethod(GantMetaClass.java:133)
	at org.codehaus.groovy.runtime.callsite.PogoMetaClassSite.call(PogoMetaClassSite.java:39)
	at org.codehaus.groovy.runtime.callsite.CallSiteArray.defaultCall(CallSiteArray.java:45)
	at org.codehaus.groovy.runtime.callsite.PogoMetaClassSite.call(PogoMetaClassSite.java:54)
	at org.codehaus.groovy.runtime.callsite.AbstractCallSite.call(AbstractCallSite.java:116)
	at org.codehaus.gant.GantBinding$_initializeGantBinding_closure5_closure16_closure18.doCall(GantBinding.groovy:185)
	at sun.reflect.GeneratedMethodAccessor109.invoke(Unknown Source)
	at sun.reflect.DelegatingMethodAccessorImpl.invoke(DelegatingMethodAccessorImpl.java:43)
	at java.lang.reflect.Method.invoke(Method.java:606)
	at org.codehaus.groovy.runtime.callsite.PogoMetaMethodSite$PogoCachedMethodSite.invoke(PogoMetaMethodSite.java:166)
	at org.codehaus.groovy.runtime.callsite.PogoMetaMethodSite.callCurrent(PogoMetaMethodSite.java:56)
	at org.codehaus.groovy.runtime.callsite.AbstractCallSite.callCurrent(AbstractCallSite.java:141)
	at org.codehaus.gant.GantBinding$_initializeGantBinding_closure5_closure16_closure18.doCall(GantBinding.groovy)
	at sun.reflect.GeneratedMethodAccessor108.invoke(Unknown Source)
	at sun.reflect.DelegatingMethodAccessorImpl.invoke(DelegatingMethodAccessorImpl.java:43)
	at java.lang.reflect.Method.invoke(Method.java:606)
	at org.codehaus.groovy.runtime.callsite.PogoMetaMethodSite$PogoCachedMethodSiteNoUnwrapNoCoerce.invoke(PogoMetaMethodSite.java:207)
	at org.codehaus.groovy.runtime.callsite.PogoMetaMethodSite.call(PogoMetaMethodSite.java:68)
	at org.codehaus.groovy.runtime.callsite.AbstractCallSite.call(AbstractCallSite.java:112)
	at org.codehaus.gant.GantBinding.withTargetEvent(GantBinding.groovy:90)
	at org.codehaus.gant.GantBinding.this$4$withTargetEvent(GantBinding.groovy)
	at sun.reflect.GeneratedMethodAccessor103.invoke(Unknown Source)
	at sun.reflect.DelegatingMethodAccessorImpl.invoke(DelegatingMethodAccessorImpl.java:43)
	at java.lang.reflect.Method.invoke(Method.java:606)
	at org.codehaus.groovy.reflection.CachedMethod.invoke(CachedMethod.java:90)
	at groovy.lang.MetaMethod.doMethodInvoke(MetaMethod.java:324)
	at groovy.lang.MetaClassImpl.invokeMethod(MetaClassImpl.java:1207)
	at groovy.lang.ExpandoMetaClass.invokeMethod(ExpandoMetaClass.java:1110)
	at groovy.lang.MetaClassImpl.invokeMethod(MetaClassImpl.java:1016)
	at groovy.lang.MetaClassImpl.invokeMethod(MetaClassImpl.java:1152)
	at groovy.lang.ExpandoMetaClass.invokeMethod(ExpandoMetaClass.java:1110)
	at groovy.lang.MetaClassImpl.invokeMethod(MetaClassImpl.java:1016)
	at groovy.lang.MetaClassImpl.invokeMethod(MetaClassImpl.java:807)
	at groovy.lang.GroovyObjectSupport.invokeMethod(GroovyObjectSupport.java:44)
	at groovy.lang.MetaClassImpl.invokeMethodOnGroovyObject(MetaClassImpl.java:1272)
	at groovy.lang.MetaClassImpl.invokeMethod(MetaClassImpl.java:1166)
	at groovy.lang.ExpandoMetaClass.invokeMethod(ExpandoMetaClass.java:1110)
	at groovy.lang.MetaClassImpl.invokeMethod(MetaClassImpl.java:1016)
	at org.codehaus.groovy.runtime.callsite.PogoMetaClassSite.callCurrent(PogoMetaClassSite.java:66)
	at org.codehaus.groovy.runtime.callsite.AbstractCallSite.callCurrent(AbstractCallSite.java:149)
	at org.codehaus.gant.GantBinding$_initializeGantBinding_closure5_closure16.doCall(GantBinding.groovy:185)
	at sun.reflect.GeneratedMethodAccessor102.invoke(Unknown Source)
	at sun.reflect.DelegatingMethodAccessorImpl.invoke(DelegatingMethodAccessorImpl.java:43)
	at java.lang.reflect.Method.invoke(Method.java:606)
	at org.codehaus.groovy.runtime.callsite.PogoMetaMethodSite$PogoCachedMethodSite.invoke(PogoMetaMethodSite.java:166)
	at org.codehaus.groovy.runtime.callsite.PogoMetaMethodSite.callCurrent(PogoMetaMethodSite.java:56)
	at org.codehaus.groovy.runtime.callsite.AbstractCallSite.callCurrent(AbstractCallSite.java:141)
	at org.codehaus.gant.GantBinding$_initializeGantBinding_closure5_closure16.doCall(GantBinding.groovy)
	at sun.reflect.GeneratedMethodAccessor101.invoke(Unknown Source)
	at sun.reflect.DelegatingMethodAccessorImpl.invoke(DelegatingMethodAccessorImpl.java:43)
	at java.lang.reflect.Method.invoke(Method.java:606)
	at org.codehaus.groovy.reflection.CachedMethod.invoke(CachedMethod.java:90)
	at groovy.lang.MetaMethod.doMethodInvoke(MetaMethod.java:324)
	at groovy.lang.MetaClassImpl.invokeMethod(MetaClassImpl.java:1207)
	at groovy.lang.ExpandoMetaClass.invokeMethod(ExpandoMetaClass.java:1110)
	at groovy.lang.MetaClassImpl.invokeMethod(MetaClassImpl.java:1016)
	at groovy.lang.Closure.call(Closure.java:423)
	at groovy.lang.Closure.call(Closure.java:417)
	at org.codehaus.gant.GantMetaClass.processClosure(GantMetaClass.java:81)
	at org.codehaus.gant.GantMetaClass.processArgument(GantMetaClass.java:95)
	at org.codehaus.gant.GantMetaClass.invokeMethod(GantMetaClass.java:128)
	at org.codehaus.groovy.runtime.callsite.PogoMetaClassSite.callCurrent(PogoMetaClassSite.java:66)
	at org.codehaus.groovy.runtime.callsite.CallSiteArray.defaultCallCurrent(CallSiteArray.java:49)
	at org.codehaus.groovy.runtime.callsite.PogoMetaClassSite.callCurrent(PogoMetaClassSite.java:81)
	at org.codehaus.groovy.runtime.callsite.AbstractCallSite.callCurrent(AbstractCallSite.java:145)
	at War$_run_closure1.doCall(War.groovy:38)
	at sun.reflect.NativeMethodAccessorImpl.invoke0(Native Method)
	at sun.reflect.NativeMethodAccessorImpl.invoke(NativeMethodAccessorImpl.java:57)
	at sun.reflect.DelegatingMethodAccessorImpl.invoke(DelegatingMethodAccessorImpl.java:43)
	at java.lang.reflect.Method.invoke(Method.java:606)
	at org.codehaus.groovy.reflection.CachedMethod.invoke(CachedMethod.java:90)
	at groovy.lang.MetaMethod.doMethodInvoke(MetaMethod.java:324)
	at groovy.lang.MetaClassImpl.invokeMethod(MetaClassImpl.java:1207)
	at groovy.lang.ExpandoMetaClass.invokeMethod(ExpandoMetaClass.java:1110)
	at groovy.lang.MetaClassImpl.invokeMethod(MetaClassImpl.java:1016)
	at groovy.lang.DelegatingMetaClass.invokeMethod(DelegatingMetaClass.java:149)
	at org.codehaus.gant.GantMetaClass.invokeMethod(GantMetaClass.java:133)
	at org.codehaus.groovy.runtime.callsite.PogoMetaClassSite.call(PogoMetaClassSite.java:39)
	at org.codehaus.groovy.runtime.callsite.CallSiteArray.defaultCall(CallSiteArray.java:45)
	at org.codehaus.groovy.runtime.callsite.PogoMetaClassSite.call(PogoMetaClassSite.java:54)
	at org.codehaus.groovy.runtime.callsite.AbstractCallSite.call(AbstractCallSite.java:116)
	at org.codehaus.gant.GantBinding$_initializeGantBinding_closure5_closure16_closure18.doCall(GantBinding.groovy:185)
	at sun.reflect.GeneratedMethodAccessor109.invoke(Unknown Source)
	at sun.reflect.DelegatingMethodAccessorImpl.invoke(DelegatingMethodAccessorImpl.java:43)
	at java.lang.reflect.Method.invoke(Method.java:606)
	at org.codehaus.groovy.runtime.callsite.PogoMetaMethodSite$PogoCachedMethodSite.invoke(PogoMetaMethodSite.java:166)
	at org.codehaus.groovy.runtime.callsite.PogoMetaMethodSite.callCurrent(PogoMetaMethodSite.java:56)
	at org.codehaus.groovy.runtime.callsite.AbstractCallSite.callCurrent(AbstractCallSite.java:141)
	at org.codehaus.gant.GantBinding$_initializeGantBinding_closure5_closure16_closure18.doCall(GantBinding.groovy)
	at sun.reflect.GeneratedMethodAccessor108.invoke(Unknown Source)
	at sun.reflect.DelegatingMethodAccessorImpl.invoke(DelegatingMethodAccessorImpl.java:43)
	at java.lang.reflect.Method.invoke(Method.java:606)
	at org.codehaus.groovy.runtime.callsite.PogoMetaMethodSite$PogoCachedMethodSiteNoUnwrapNoCoerce.invoke(PogoMetaMethodSite.java:207)
	at org.codehaus.groovy.runtime.callsite.PogoMetaMethodSite.call(PogoMetaMethodSite.java:68)
	at org.codehaus.groovy.runtime.callsite.AbstractCallSite.call(AbstractCallSite.java:112)
	at org.codehaus.gant.GantBinding.withTargetEvent(GantBinding.groovy:90)
	at org.codehaus.gant.GantBinding.this$4$withTargetEvent(GantBinding.groovy)
	at sun.reflect.GeneratedMethodAccessor103.invoke(Unknown Source)
	at sun.reflect.DelegatingMethodAccessorImpl.invoke(DelegatingMethodAccessorImpl.java:43)
	at java.lang.reflect.Method.invoke(Method.java:606)
	at org.codehaus.groovy.reflection.CachedMethod.invoke(CachedMethod.java:90)
	at groovy.lang.MetaMethod.doMethodInvoke(MetaMethod.java:324)
	at groovy.lang.MetaClassImpl.invokeMethod(MetaClassImpl.java:1207)
	at groovy.lang.ExpandoMetaClass.invokeMethod(ExpandoMetaClass.java:1110)
	at groovy.lang.MetaClassImpl.invokeMethod(MetaClassImpl.java:1016)
	at groovy.lang.MetaClassImpl.invokeMethod(MetaClassImpl.java:1152)
	at groovy.lang.ExpandoMetaClass.invokeMethod(ExpandoMetaClass.java:1110)
	at groovy.lang.MetaClassImpl.invokeMethod(MetaClassImpl.java:1016)
	at groovy.lang.MetaClassImpl.invokeMethod(MetaClassImpl.java:807)
	at groovy.lang.GroovyObjectSupport.invokeMethod(GroovyObjectSupport.java:44)
	at groovy.lang.MetaClassImpl.invokeMethodOnGroovyObject(MetaClassImpl.java:1272)
	at groovy.lang.MetaClassImpl.invokeMethod(MetaClassImpl.java:1166)
	at groovy.lang.ExpandoMetaClass.invokeMethod(ExpandoMetaClass.java:1110)
	at groovy.lang.MetaClassImpl.invokeMethod(MetaClassImpl.java:1016)
	at org.codehaus.groovy.runtime.callsite.PogoMetaClassSite.callCurrent(PogoMetaClassSite.java:66)
	at org.codehaus.groovy.runtime.callsite.AbstractCallSite.callCurrent(AbstractCallSite.java:149)
	at org.codehaus.gant.GantBinding$_initializeGantBinding_closure5_closure16.doCall(GantBinding.groovy:185)
	at sun.reflect.GeneratedMethodAccessor102.invoke(Unknown Source)
	at sun.reflect.DelegatingMethodAccessorImpl.invoke(DelegatingMethodAccessorImpl.java:43)
	at java.lang.reflect.Method.invoke(Method.java:606)
	at org.codehaus.groovy.runtime.callsite.PogoMetaMethodSite$PogoCachedMethodSite.invoke(PogoMetaMethodSite.java:166)
	at org.codehaus.groovy.runtime.callsite.PogoMetaMethodSite.callCurrent(PogoMetaMethodSite.java:56)
	at org.codehaus.groovy.runtime.callsite.AbstractCallSite.callCurrent(AbstractCallSite.java:141)
	at org.codehaus.gant.GantBinding$_initializeGantBinding_closure5_closure16.doCall(GantBinding.groovy)
	at sun.reflect.GeneratedMethodAccessor101.invoke(Unknown Source)
	at sun.reflect.DelegatingMethodAccessorImpl.invoke(DelegatingMethodAccessorImpl.java:43)
	at java.lang.reflect.Method.invoke(Method.java:606)
	at org.codehaus.groovy.runtime.callsite.PogoMetaMethodSite$PogoCachedMethodSiteNoUnwrapNoCoerce.invoke(PogoMetaMethodSite.java:207)
	at org.codehaus.groovy.runtime.callsite.PogoMetaMethodSite.call(PogoMetaMethodSite.java:68)
	at org.codehaus.groovy.runtime.callsite.AbstractCallSite.call(AbstractCallSite.java:112)
	at gant.Gant$_dispatch_closure5.doCall(Gant.groovy:381)
	at sun.reflect.NativeMethodAccessorImpl.invoke0(Native Method)
	at sun.reflect.NativeMethodAccessorImpl.invoke(NativeMethodAccessorImpl.java:57)
	at sun.reflect.DelegatingMethodAccessorImpl.invoke(DelegatingMethodAccessorImpl.java:43)
	at java.lang.reflect.Method.invoke(Method.java:606)
	at org.codehaus.groovy.runtime.callsite.PogoMetaMethodSite$PogoCachedMethodSiteNoUnwrapNoCoerce.invoke(PogoMetaMethodSite.java:207)
	at org.codehaus.groovy.runtime.callsite.PogoMetaMethodSite.call(PogoMetaMethodSite.java:68)
	at org.codehaus.groovy.runtime.callsite.AbstractCallSite.call(AbstractCallSite.java:116)
	at gant.Gant$_dispatch_closure7.doCall(Gant.groovy:415)
	at sun.reflect.NativeMethodAccessorImpl.invoke0(Native Method)
	at sun.reflect.NativeMethodAccessorImpl.invoke(NativeMethodAccessorImpl.java:57)
	at sun.reflect.DelegatingMethodAccessorImpl.invoke(DelegatingMethodAccessorImpl.java:43)
	at java.lang.reflect.Method.invoke(Method.java:606)
	at org.codehaus.groovy.runtime.callsite.PogoMetaMethodSite$PogoCachedMethodSite.invoke(PogoMetaMethodSite.java:166)
	at org.codehaus.groovy.runtime.callsite.PogoMetaMethodSite.callCurrent(PogoMetaMethodSite.java:56)
	at org.codehaus.groovy.runtime.callsite.AbstractCallSite.callCurrent(AbstractCallSite.java:141)
	at gant.Gant$_dispatch_closure7.doCall(Gant.groovy)
	at sun.reflect.NativeMethodAccessorImpl.invoke0(Native Method)
	at sun.reflect.NativeMethodAccessorImpl.invoke(NativeMethodAccessorImpl.java:57)
	at sun.reflect.DelegatingMethodAccessorImpl.invoke(DelegatingMethodAccessorImpl.java:43)
	at java.lang.reflect.Method.invoke(Method.java:606)
	at org.codehaus.groovy.runtime.callsite.PogoMetaMethodSite$PogoCachedMethodSiteNoUnwrapNoCoerce.invoke(PogoMetaMethodSite.java:207)
	at org.codehaus.groovy.runtime.callsite.PogoMetaMethodSite.call(PogoMetaMethodSite.java:68)
	at org.codehaus.groovy.runtime.callsite.AbstractCallSite.call(AbstractCallSite.java:112)
	at gant.Gant.withBuildListeners(Gant.groovy:427)
	at gant.Gant.this$2$withBuildListeners(Gant.groovy)
	at gant.Gant$this$2$withBuildListeners$0.callCurrent(Unknown Source)
	at org.codehaus.groovy.runtime.callsite.CallSiteArray.defaultCallCurrent(CallSiteArray.java:49)
	at gant.Gant$this$2$withBuildListeners$0.callCurrent(Unknown Source)
	at gant.Gant.dispatch(Gant.groovy:415)
	at gant.Gant.this$2$dispatch(Gant.groovy)
	at sun.reflect.NativeMethodAccessorImpl.invoke0(Native Method)
	at sun.reflect.NativeMethodAccessorImpl.invoke(NativeMethodAccessorImpl.java:57)
	at sun.reflect.DelegatingMethodAccessorImpl.invoke(DelegatingMethodAccessorImpl.java:43)
	at java.lang.reflect.Method.invoke(Method.java:606)
	at org.codehaus.groovy.reflection.CachedMethod.invoke(CachedMethod.java:90)
	at groovy.lang.MetaMethod.doMethodInvoke(MetaMethod.java:324)
	at groovy.lang.MetaClassImpl.invokeMethod(MetaClassImpl.java:1207)
	at groovy.lang.ExpandoMetaClass.invokeMethod(ExpandoMetaClass.java:1110)
	at groovy.lang.MetaClassImpl.invokeMethod(MetaClassImpl.java:1016)
	at groovy.lang.MetaClassImpl.invokeMethod(MetaClassImpl.java:809)
	at gant.Gant.invokeMethod(Gant.groovy)
	at groovy.lang.GroovyObject$invokeMethod.callCurrent(Unknown Source)
	at org.codehaus.groovy.runtime.callsite.CallSiteArray.defaultCallCurrent(CallSiteArray.java:49)
	at groovy.lang.GroovyObject$invokeMethod.callCurrent(Unknown Source)
	at gant.Gant.executeTargets(Gant.groovy:591)
	at sun.reflect.NativeMethodAccessorImpl.invoke0(Native Method)
	at sun.reflect.NativeMethodAccessorImpl.invoke(NativeMethodAccessorImpl.java:57)
	at sun.reflect.DelegatingMethodAccessorImpl.invoke(DelegatingMethodAccessorImpl.java:43)
	at java.lang.reflect.Method.invoke(Method.java:606)
	at org.codehaus.groovy.runtime.callsite.PogoMetaMethodSite$PogoCachedMethodSite.invoke(PogoMetaMethodSite.java:166)
	at org.codehaus.groovy.runtime.callsite.PogoMetaMethodSite.callCurrent(PogoMetaMethodSite.java:56)
	at org.codehaus.groovy.runtime.callsite.CallSiteArray.defaultCallCurrent(CallSiteArray.java:49)
	at org.codehaus.groovy.runtime.callsite.PogoMetaMethodSite.callCurrent(PogoMetaMethodSite.java:61)
	at org.codehaus.groovy.runtime.callsite.AbstractCallSite.callCurrent(AbstractCallSite.java:145)
	at gant.Gant.executeTargets(Gant.groovy:590)
	at org.codehaus.groovy.grails.cli.GrailsScriptRunner.executeWithGantInstance(GrailsScriptRunner.java:781)
	at org.codehaus.groovy.grails.cli.GrailsScriptRunner.executeScriptFile(GrailsScriptRunner.java:573)
	at org.codehaus.groovy.grails.cli.GrailsScriptRunner.executeScriptWithCaching(GrailsScriptRunner.java:472)
	at org.codehaus.groovy.grails.cli.GrailsScriptRunner.executeScriptWithCaching(GrailsScriptRunner.java:423)
	at org.grails.ide.api.impl.GrailsConnectorImpl.executeCommand(GrailsConnectorImpl.java:160)
	at org.grails.ide.eclipse.longrunning.process.GrailsProcess.run(GrailsProcess.java:130)
	at org.grails.ide.eclipse.longrunning.process.GrailsProcess.main(GrailsProcess.java:93)
	at sun.reflect.NativeMethodAccessorImpl.invoke0(Native Method)
	at sun.reflect.NativeMethodAccessorImpl.invoke(NativeMethodAccessorImpl.java:57)
	at sun.reflect.DelegatingMethodAccessorImpl.invoke(DelegatingMethodAccessorImpl.java:43)
	at java.lang.reflect.Method.invoke(Method.java:606)
	at org.codehaus.groovy.grails.cli.support.GrailsStarter.rootLoader(GrailsStarter.java:236)
	at org.codehaus.groovy.grails.cli.support.GrailsStarter.main(GrailsStarter.java:264)
2017-01-22 22:21:19,579 [main] ERROR StackTrace  - Full Stack Trace:
org.mozilla.javascript.JavaScriptException: [object Object] (/D:/ggts-bundle/workspace-ggts-3.6.4.RELEASE/MoneyManager/target/work/resources/uglifyjs/lib/parse-js.js#273)
	at org.mozilla.javascript.gen._D__ggts_bundle_workspace_ggts_3_6_4_RELEASE_MoneyManager_target_work_resources_uglifyjs_lib_parse_js_js_17._c_js_error_13(/D:/ggts-bundle/workspace-ggts-3.6.4.RELEASE/MoneyManager/target/work/resources/uglifyjs/lib/parse-js.js:273)
	at org.mozilla.javascript.optimizer.OptRuntime.callName(OptRuntime.java:63)
	at org.mozilla.javascript.gen._D__ggts_bundle_workspace_ggts_3_6_4_RELEASE_MoneyManager_target_work_resources_uglifyjs_lib_parse_js_js_17._c_croak_55(/D:/ggts-bundle/workspace-ggts-3.6.4.RELEASE/MoneyManager/target/work/resources/uglifyjs/lib/parse-js.js:735)
	at org.mozilla.javascript.optimizer.OptRuntime.callName(OptRuntime.java:63)
	at org.mozilla.javascript.gen._D__ggts_bundle_workspace_ggts_3_6_4_RELEASE_MoneyManager_target_work_resources_uglifyjs_lib_parse_js_js_17._c_token_error_56(/D:/ggts-bundle/workspace-ggts-3.6.4.RELEASE/MoneyManager/target/work/resources/uglifyjs/lib/parse-js.js:742)
	at org.mozilla.javascript.optimizer.OptRuntime.callName(OptRuntime.java:63)
	at org.mozilla.javascript.gen._D__ggts_bundle_workspace_ggts_3_6_4_RELEASE_MoneyManager_target_work_resources_uglifyjs_lib_parse_js_js_17._c_expect_token_58(/D:/ggts-bundle/workspace-ggts-3.6.4.RELEASE/MoneyManager/target/work/resources/uglifyjs/lib/parse-js.js:755)
	at org.mozilla.javascript.optimizer.OptRuntime.callName(OptRuntime.java:63)
	at org.mozilla.javascript.gen._D__ggts_bundle_workspace_ggts_3_6_4_RELEASE_MoneyManager_target_work_resources_uglifyjs_lib_parse_js_js_17._c_expect_59(/D:/ggts-bundle/workspace-ggts-3.6.4.RELEASE/MoneyManager/target/work/resources/uglifyjs/lib/parse-js.js:758)
	at org.mozilla.javascript.optimizer.OptRuntime.callName(OptRuntime.java:63)
	at org.mozilla.javascript.gen._D__ggts_bundle_workspace_ggts_3_6_4_RELEASE_MoneyManager_target_work_resources_uglifyjs_lib_parse_js_js_17._c_regular_for_73(/D:/ggts-bundle/workspace-ggts-3.6.4.RELEASE/MoneyManager/target/work/resources/uglifyjs/lib/parse-js.js:946)
	at org.mozilla.javascript.optimizer.OptRuntime.callName(OptRuntime.java:63)
	at org.mozilla.javascript.gen._D__ggts_bundle_workspace_ggts_3_6_4_RELEASE_MoneyManager_target_work_resources_uglifyjs_lib_parse_js_js_17._c_for__72(/D:/ggts-bundle/workspace-ggts-3.6.4.RELEASE/MoneyManager/target/work/resources/uglifyjs/lib/parse-js.js:940)
	at org.mozilla.javascript.optimizer.OptRuntime.callName0(OptRuntime.java:74)
	at org.mozilla.javascript.gen._D__ggts_bundle_workspace_ggts_3_6_4_RELEASE_MoneyManager_target_work_resources_uglifyjs_lib_parse_js_js_17._c_anonymous_67(/D:/ggts-bundle/workspace-ggts-3.6.4.RELEASE/MoneyManager/target/work/resources/uglifyjs/lib/parse-js.js:851)
	at org.mozilla.javascript.optimizer.OptRuntime.callName0(OptRuntime.java:74)
	at org.mozilla.javascript.gen._D__ggts_bundle_workspace_ggts_3_6_4_RELEASE_MoneyManager_target_work_resources_uglifyjs_lib_parse_js_js_17._c_block__79(/D:/ggts-bundle/workspace-ggts-3.6.4.RELEASE/MoneyManager/target/work/resources/uglifyjs/lib/parse-js.js:1005)
	at org.mozilla.javascript.optimizer.OptRuntime.callName0(OptRuntime.java:74)
	at org.mozilla.javascript.gen._D__ggts_bundle_workspace_ggts_3_6_4_RELEASE_MoneyManager_target_work_resources_uglifyjs_lib_parse_js_js_17._c_anonymous_77(/D:/ggts-bundle/workspace-ggts-3.6.4.RELEASE/MoneyManager/target/work/resources/uglifyjs/lib/parse-js.js:984)
	at org.mozilla.javascript.optimizer.OptRuntime.call0(OptRuntime.java:23)
	at org.mozilla.javascript.gen._D__ggts_bundle_workspace_ggts_3_6_4_RELEASE_MoneyManager_target_work_resources_uglifyjs_lib_parse_js_js_17._c_anonymous_75(/D:/ggts-bundle/workspace-ggts-3.6.4.RELEASE/MoneyManager/target/work/resources/uglifyjs/lib/parse-js.js:965)
	at org.mozilla.javascript.optimizer.OptRuntime.callName(OptRuntime.java:63)
	at org.mozilla.javascript.gen._D__ggts_bundle_workspace_ggts_3_6_4_RELEASE_MoneyManager_target_work_resources_uglifyjs_lib_parse_js_js_17._c_anonymous_67(/D:/ggts-bundle/workspace-ggts-3.6.4.RELEASE/MoneyManager/target/work/resources/uglifyjs/lib/parse-js.js:854)
	at org.mozilla.javascript.optimizer.OptRuntime.callName0(OptRuntime.java:74)
	at org.mozilla.javascript.gen._D__ggts_bundle_workspace_ggts_3_6_4_RELEASE_MoneyManager_target_work_resources_uglifyjs_lib_parse_js_js_17._c_anonymous_102(/D:/ggts-bundle/workspace-ggts-3.6.4.RELEASE/MoneyManager/target/work/resources/uglifyjs/lib/parse-js.js:1299)
	at org.mozilla.javascript.optimizer.OptRuntime.call1(OptRuntime.java:32)
	at org.mozilla.javascript.gen._D__ggts_bundle_workspace_ggts_3_6_4_RELEASE_MoneyManager_target_work_resources_uglifyjs_lib_parse_js_js_17._c_parse_50(/D:/ggts-bundle/workspace-ggts-3.6.4.RELEASE/MoneyManager/target/work/resources/uglifyjs/lib/parse-js.js:1297)
	at org.mozilla.javascript.optimizer.OptRuntime.call2(OptRuntime.java:42)
	at org.mozilla.javascript.gen._D__ggts_bundle_workspace_ggts_3_6_4_RELEASE_MoneyManager_target_work_resources_uglifyjs_uglify_js_js_16._c_uglify_1(/D:/ggts-bundle/workspace-ggts-3.6.4.RELEASE/MoneyManager/target/work/resources/uglifyjs/uglify-js.js:7)
	at org.mozilla.javascript.ContextFactory.doTopCall(ContextFactory.java:394)
	at org.mozilla.javascript.ScriptRuntime.doTopCall(ScriptRuntime.java:3091)
	at org.mozilla.javascript.Context$1.run(Context.java:478)
	at org.mozilla.javascript.Context.call(Context.java:489)
	at org.mozilla.javascript.Context.call(Context.java:476)
	at asset.pipeline.processors.UglifyJsProcessor.call(UglifyJsProcessor.groovy:79)
	at asset.pipeline.processors.UglifyJsProcessor.process(UglifyJsProcessor.groovy:54)
	at asset.pipeline.AssetCompiler.compile(AssetCompiler.groovy:77)
	at _AssetCompile_groovy$_run_closure2.doCall(_AssetCompile_groovy:49)
	at _Events$_run_closure1.doCall(_Events.groovy:5)
	at _GrailsWar$_run_closure2.doCall(_GrailsWar.groovy:43)
	at War$_run_closure1.doCall(War.groovy:38)
	at org.grails.ide.api.impl.GrailsConnectorImpl.executeCommand(GrailsConnectorImpl.java:160)
	at org.grails.ide.eclipse.longrunning.process.GrailsProcess.run(GrailsProcess.java:130)
	at org.grails.ide.eclipse.longrunning.process.GrailsProcess.main(GrailsProcess.java:93)
